<?xml version="1.0" encoding="UTF-8"?>
<!-- Generated by org.testng.reporters.JUnitXMLReporter -->
<testsuite hostname="Lana-laptop" name="Test1" tests="31" failures="1" timestamp="17 Dec 2014 14:40:06 GMT" time="242.537" errors="0">
  <testcase name="testUntitled4" time="19.043" classname="home.JS_error"/>
  <testcase name="testUntitled4" time="3.068" classname="about.JS_error"/>
  <testcase name="testUntitled4" time="9.893" classname="clients.JS_error"/>
  <testcase name="testUntitled4" time="0.524" classname="services.JS_error"/>
  <testcase name="testUntitled4" time="0.464" classname="contact.JS_error"/>
  <testcase name="testUntitled4" time="1.476" classname="clients.JS_error_detail"/>
  <testcase name="testUntitled4" time="3.972" classname="blog.JS_error_blog">
    <failure type="java.lang.AssertionError" message="expected:&amp;lt;[]&amp;gt; but was:&amp;lt;[[2014-12-17T18:36:42+0400] [SEVERE] http://www.google.com/uds/?file=ads&amp;amp;v=3&amp;amp;packages=search&amp;amp;async=2 0:0 Failed to load resource: the server responded with a status of 404 (Not Found)]&amp;gt;">
      <![CDATA[java.lang.AssertionError: expected:<[]> but was:<[[2014-12-17T18:36:42+0400] [SEVERE] http://www.google.com/uds/?file=ads&v=3&packages=search&async=2 0:0 Failed to load resource: the server responded with a status of 404 (Not Found)]>
	at org.junit.Assert.fail(Assert.java:88)
	at org.junit.Assert.failNotEquals(Assert.java:743)
	at org.junit.Assert.assertEquals(Assert.java:118)
	at org.junit.Assert.assertEquals(Assert.java:144)
	at blog.JS_error_blog.testUntitled4(JS_error_blog.java:41)
... Removed 27 stack frames]]>
    </failure>
  </testcase> <!-- testUntitled4 -->
  <testcase name="testUntitled4" time="1.748" classname="blog.JS_error_post"/>
  <testcase name="testUntitled" time="5.39" classname="home.Newsletter_empty"/>
  <testcase name="testUntitled2" time="0.76" classname="home.Newsletter_invalid"/>
  <testcase name="testUntitled3" time="1.94" classname="home.Newsletter_valid"/>
  <testcase name="testUntitled4" time="5.54" classname="home.Banner"/>
  <testcase name="testUntitled5" time="3.461" classname="about.Tabs"/>
  <testcase name="testUntitled6" time="1.048" classname="about.Contact_us"/>
  <testcase name="testUntitled8" time="24.884" classname="clients.Details"/>
  <testcase name="testUntitled9" time="3.036" classname="clients.Details_elements"/>
  <testcase name="testUntitled10" time="15.758" classname="clients.Navigation"/>
  <testcase name="testUntitled7" time="2.04" classname="clients.Website"/>
  <testcase name="testUntitled2" time="0.945" classname="services.Page"/>
  <testcase name="testUntitled3" time="1.084" classname="contact.Form_invalid"/>
  <testcase name="testUntitled4" time="0.756" classname="contact.Form_empty"/>
  <testcase name="testUntitled6" time="33.777" classname="contact.Form_valid"/>
  <testcase name="testUntitled6" time="15.155" classname="contact.Contact_email_change"/>
  <testcase name="testUntitled" time="8.764" classname="blog.Captcha_empty"/>
  <testcase name="testUntitled2" time="7.701" classname="blog.Captcha_invalid"/>
  <testcase name="testUntitled3" time="13.397" classname="blog.Captcha_disable"/>
  <testcase name="testUntitled4" time="31.55" classname="blog.Comment"/>
  <testcase name="testUntitled3" time="12.915" classname="blog.Captche_enable"/>
  <testcase name="testUntitled" time="2.068" classname="blog.Details_page"/>
  <testcase name="testUntitled2" time="5.3" classname="blog.Blog_page"/>
  <testcase name="testUntitled3" time="1.964" classname="blog.Search"/>
</testsuite> <!-- Test1 -->
