<?xml version="1.0" encoding="UTF-8"?>
<!-- Generated by org.testng.reporters.JUnitXMLReporter -->
<testsuite hostname="PC-SBARANOVA" name="Test1" tests="1" failures="1" timestamp="14 Jan 2015 09:19:39 GMT" time="3.99" errors="0">
  <testcase name="testUntitled2" time="0.008" classname="home.JS_error$Email">
    <failure type="java.lang.IllegalArgumentException" message="No enum constant org.openqa.selenium.Platform.Windows 8.1">
      <![CDATA[java.lang.IllegalArgumentException: No enum constant org.openqa.selenium.Platform.Windows 8.1
	at java.lang.Enum.valueOf(Enum.java:238)
	at org.openqa.selenium.Platform.valueOf(Platform.java:1)
	at org.openqa.selenium.remote.DesiredCapabilities.setCapability(DesiredCapabilities.java:168)
	at home.JS_error$Email.createDriver(JS_error.java:48)
	at home.JS_error$Email.testUntitled2(JS_error.java:60)
	at java.util.concurrent.FutureTask.run(FutureTask.java:266)
	at java.util.concurrent.Executors$RunnableAdapter.call(Executors.java:511)
	at java.util.concurrent.FutureTask.run(FutureTask.java:266)
	at java.util.concurrent.ThreadPoolExecutor.runWorker(ThreadPoolExecutor.java:1142)
	at java.util.concurrent.ThreadPoolExecutor$Worker.run(ThreadPoolExecutor.java:617)
	at java.lang.Thread.run(Thread.java:745)
... Removed 9 stack frames]]>
    </failure>
  </testcase> <!-- testUntitled2 -->
</testsuite> <!-- Test1 -->
