<?xml version="1.0" encoding="UTF-8"?>
<testng-results skipped="0" failed="0" total="1" passed="1">
  <reporter-output>
  </reporter-output>
  <suite name="Tests" duration-ms="19344" started-at="2015-01-14T16:14:38Z" finished-at="2015-01-14T16:14:58Z">
    <groups>
    </groups>
    <test name="Test1" duration-ms="19344" started-at="2015-01-14T16:14:38Z" finished-at="2015-01-14T16:14:58Z">
      <class name="home.Newsletter_empty">
        <test-method status="PASS" signature="init()[pri:0, instance:home.Newsletter_empty@42d3bd8b]" name="init" is-config="true" duration-ms="8407" started-at="2015-01-14T20:14:38Z" finished-at="2015-01-14T20:14:47Z">
          <reporter-output>
          </reporter-output>
        </test-method> <!-- init -->
        <test-method status="PASS" signature="testUntitled5()[pri:0, instance:home.Newsletter_empty@42d3bd8b]" name="testUntitled5" duration-ms="10918" started-at="2015-01-14T20:14:47Z" finished-at="2015-01-14T20:14:58Z">
          <reporter-output>
          </reporter-output>
        </test-method> <!-- testUntitled5 -->
        <test-method status="PASS" signature="tearDown()[pri:0, instance:home.Newsletter_empty@42d3bd8b]" name="tearDown" is-config="true" duration-ms="503" started-at="2015-01-14T20:14:58Z" finished-at="2015-01-14T20:14:58Z">
          <reporter-output>
          </reporter-output>
        </test-method> <!-- tearDown -->
      </class> <!-- home.Newsletter_empty -->
    </test> <!-- Test1 -->
  </suite> <!-- Tests -->
</testng-results>
