<?xml version="1.0" encoding="UTF-8"?>
<testsuite name="TestSuite" time="368.706" tests="30" errors="0" skipped="0" failures="1">
  <properties>
[...]
</properties>
  <testcase name="testUntitled4" classname="home.JS_error" time="20.699">
    <failure message="unknown error: result was not received in 10 seconds&#10;  (Session info: chrome=36.0.1985.125)&#10;  (Driver info: chromedriver=2.9.248315,platform=Windows NT 6.2 x86_64) (WARNING: The server did not provide any stacktrace information)&#10;Command duration or timeout: 19.99 seconds&#10;Build info: version: &apos;2.40.0&apos;, revision: &apos;4c5c0568b004f67810ee41c459549aa4b09c651e&apos;, time: &apos;2014-02-19 11:13:01&apos;&#10;System info: host: &apos;Lana-laptop&apos;, ip: &apos;192.168.56.1&apos;, os.name: &apos;Windows 8&apos;, os.arch: &apos;amd64&apos;, os.version: &apos;6.2&apos;, java.version: &apos;1.7.0_45&apos;&#10;Session ID: 795b3bbdc5f8a31c1ea89e48bdebfc00&#10;Driver info: org.openqa.selenium.chrome.ChromeDriver&#10;Capabilities [{platform=WIN8, acceptSslCerts=true, javascriptEnabled=true, browserName=chrome, chrome={userDataDir=C:\Users\Lana\AppData\Local\Temp\scoped_dir7700_11784}, rotatable=false, locationContextEnabled=true, version=36.0.1985.125, takesHeapSnapshot=true, cssSelectorsEnabled=true, databaseEnabled=false, handlesAlerts=true, browserConnectionEnabled=false, nativeEvents=true, webStorageEnabled=true, applicationCacheEnabled=false, takesScreenshot=true}]" type="org.openqa.selenium.WebDriverException">org.openqa.selenium.WebDriverException: unknown error: result was not received in 10 seconds
  (Session info: chrome=36.0.1985.125)
  (Driver info: chromedriver=2.9.248315,platform=Windows NT 6.2 x86_64) (WARNING: The server did not provide any stacktrace information)
Command duration or timeout: 19.99 seconds
Build info: version: '2.40.0', revision: '4c5c0568b004f67810ee41c459549aa4b09c651e', time: '2014-02-19 11:13:01'
System info: host: 'Lana-laptop', ip: '192.168.56.1', os.name: 'Windows 8', os.arch: 'amd64', os.version: '6.2', java.version: '1.7.0_45'
Session ID: 795b3bbdc5f8a31c1ea89e48bdebfc00
Driver info: org.openqa.selenium.chrome.ChromeDriver
Capabilities [{platform=WIN8, acceptSslCerts=true, javascriptEnabled=true, browserName=chrome, chrome={userDataDir=C:\Users\Lana\AppData\Local\Temp\scoped_dir7700_11784}, rotatable=false, locationContextEnabled=true, version=36.0.1985.125, takesHeapSnapshot=true, cssSelectorsEnabled=true, databaseEnabled=false, handlesAlerts=true, browserConnectionEnabled=false, nativeEvents=true, webStorageEnabled=true, applicationCacheEnabled=false, takesScreenshot=true}]
	at sun.reflect.NativeConstructorAccessorImpl.newInstance0(Native Method)
	at sun.reflect.NativeConstructorAccessorImpl.newInstance(NativeConstructorAccessorImpl.java:57)
	at sun.reflect.DelegatingConstructorAccessorImpl.newInstance(DelegatingConstructorAccessorImpl.java:45)
	at java.lang.reflect.Constructor.newInstance(Constructor.java:526)
	at org.openqa.selenium.remote.ErrorHandler.createThrowable(ErrorHandler.java:193)
	at org.openqa.selenium.remote.ErrorHandler.throwIfResponseFailed(ErrorHandler.java:145)
	at org.openqa.selenium.remote.RemoteWebDriver.execute(RemoteWebDriver.java:573)
	at org.openqa.selenium.remote.RemoteWebDriver$RemoteWebDriverOptions$RemoteWindow.maximize(RemoteWebDriver.java:803)
	at home.JS_error.testUntitled4(JS_error.java:31)
</failure>
    <system-out><![CDATA[...
... TestNG 6.8.9beta by C?dric Beust (cedric@beust.com)
...

]]></system-out>
    <system-err><![CDATA[Starting ChromeDriver (v2.9.248315) on port 2586
]]></system-err>
  </testcase>
  <testcase name="testUntitled4" classname="about.JS_error" time="17.966"/>
  <testcase name="testUntitled4" classname="clients.JS_error" time="16.632"/>
  <testcase name="testUntitled4" classname="services.JS_error" time="1.413"/>
  <testcase name="testUntitled4" classname="contact.JS_error" time="1.356"/>
  <testcase name="testUntitled4" classname="blog.JS_error_blog" time="8.534"/>
  <testcase name="testUntitled4" classname="blog.JS_error_post" time="1.048"/>
  <testcase name="testUntitled" classname="home.Newsletter_empty" time="10.857"/>
  <testcase name="testUntitled2" classname="home.Newsletter_invalid" time="1.267"/>
  <testcase name="testUntitled3" classname="home.Newsletter_valid" time="2.449"/>
  <testcase name="testUntitled4" classname="home.Banner" time="6.51"/>
  <testcase name="testUntitled5" classname="about.Tabs" time="17.088"/>
  <testcase name="testUntitled6" classname="about.Contact_us" time="2.088"/>
  <testcase name="testUntitled8" classname="clients.Details" time="9.854"/>
  <testcase name="testUntitled9" classname="clients.Details_elements" time="2.427"/>
  <testcase name="testUntitled10" classname="clients.Navigation" time="11.016"/>
  <testcase name="testUntitled7" classname="clients.Website" time="12.985"/>
  <testcase name="testUntitled2" classname="services.Page" time="2.679"/>
  <testcase name="testUntitled3" classname="contact.Form_invalid" time="4.558"/>
  <testcase name="testUntitled4" classname="contact.Form_empty" time="0.942"/>
  <testcase name="testUntitled6" classname="contact.Form_valid" time="46.222"/>
  <testcase name="testUntitled6" classname="contact.Contact_email_change" time="9.368"/>
  <testcase name="testUntitled" classname="blog.Captcha_empty" time="17.583"/>
  <testcase name="testUntitled2" classname="blog.Captcha_invalid" time="9.553"/>
  <testcase name="testUntitled3" classname="blog.Captcha_disable" time="16.877"/>
  <testcase name="testUntitled4" classname="blog.Comment" time="95.187"/>
  <testcase name="testUntitled3" classname="blog.Captche_enable" time="14.756"/>
  <testcase name="testUntitled" classname="blog.Details_page" time="2.677"/>
  <testcase name="testUntitled2" classname="blog.Blog_page" time="0.75"/>
  <testcase name="testUntitled3" classname="blog.Search" time="3.365"/>
</testsuite>