<?xml version="1.0" encoding="UTF-8"?>
<testng-results skipped="0" failed="0" total="1" passed="1">
  <reporter-output>
  </reporter-output>
  <suite name="Smoke test" duration-ms="9429" started-at="2016-04-13T13:55:32Z" finished-at="2016-04-13T13:55:41Z">
    <groups>
    </groups>
    <test name="Services page" duration-ms="9429" started-at="2016-04-13T13:55:32Z" finished-at="2016-04-13T13:55:41Z">
      <class name="services.Page">
        <test-method status="PASS" signature="init()[pri:0, instance:services.Page@380fb434]" name="init" is-config="true" duration-ms="1959" started-at="2016-04-13T17:55:32Z" finished-at="2016-04-13T17:55:34Z">
          <reporter-output>
          </reporter-output>
        </test-method> <!-- init -->
        <test-method status="PASS" signature="testUntitled2()[pri:0, instance:services.Page@380fb434]" name="testUntitled2" duration-ms="7424" started-at="2016-04-13T17:55:34Z" finished-at="2016-04-13T17:55:41Z">
          <reporter-output>
          </reporter-output>
        </test-method> <!-- testUntitled2 -->
        <test-method status="PASS" signature="tearDown()[pri:0, instance:services.Page@380fb434]" name="tearDown" is-config="true" duration-ms="1391" started-at="2016-04-13T17:55:41Z" finished-at="2016-04-13T17:55:43Z">
          <reporter-output>
          </reporter-output>
        </test-method> <!-- tearDown -->
      </class> <!-- services.Page -->
    </test> <!-- Services page -->
  </suite> <!-- Smoke test -->
</testng-results>
