<?xml version="1.0" encoding="UTF-8"?>
<testng-results skipped="0" failed="0" total="30" passed="30">
  <reporter-output>
  </reporter-output>
  <suite name="Smoke test" duration-ms="233435" started-at="2015-07-08T07:38:53Z" finished-at="2015-07-08T07:42:46Z">
    <groups>
    </groups>
    <test name="JS Errors" duration-ms="17959" started-at="2015-07-08T07:38:53Z" finished-at="2015-07-08T07:39:11Z">
      <class name="home.JS_error">
        <test-method status="PASS" signature="init()[pri:0, instance:home.JS_error@2c6a3f77]" name="init" is-config="true" duration-ms="2344" started-at="2015-07-08T10:38:53Z" finished-at="2015-07-08T10:38:55Z">
          <reporter-output>
          </reporter-output>
        </test-method> <!-- init -->
        <test-method status="PASS" signature="testUntitled2()[pri:0, instance:home.JS_error@2c6a3f77]" name="testUntitled2" duration-ms="4683" started-at="2015-07-08T10:38:55Z" finished-at="2015-07-08T10:39:00Z">
          <reporter-output>
          </reporter-output>
        </test-method> <!-- testUntitled2 -->
      </class> <!-- home.JS_error -->
      <class name="contact.JS_error">
        <test-method status="PASS" signature="init()[pri:0, instance:contact.JS_error@7a5d012c]" name="init" is-config="true" duration-ms="9" started-at="2015-07-08T10:39:06Z" finished-at="2015-07-08T10:39:06Z">
          <reporter-output>
          </reporter-output>
        </test-method> <!-- init -->
        <test-method status="PASS" signature="testUntitled4()[pri:0, instance:contact.JS_error@7a5d012c]" name="testUntitled4" duration-ms="863" started-at="2015-07-08T10:39:06Z" finished-at="2015-07-08T10:39:07Z">
          <reporter-output>
          </reporter-output>
        </test-method> <!-- testUntitled4 -->
      </class> <!-- contact.JS_error -->
      <class name="clients.JS_error">
        <test-method status="PASS" signature="init()[pri:0, instance:clients.JS_error@1324409e]" name="init" is-config="true" duration-ms="8" started-at="2015-07-08T10:39:01Z" finished-at="2015-07-08T10:39:01Z">
          <reporter-output>
          </reporter-output>
        </test-method> <!-- init -->
        <test-method status="PASS" signature="testUntitled4()[pri:0, instance:clients.JS_error@1324409e]" name="testUntitled4" duration-ms="4771" started-at="2015-07-08T10:39:01Z" finished-at="2015-07-08T10:39:06Z">
          <reporter-output>
          </reporter-output>
        </test-method> <!-- testUntitled4 -->
      </class> <!-- clients.JS_error -->
      <class name="blog.JS_error_blog">
        <test-method status="PASS" signature="init()[pri:0, instance:blog.JS_error_blog@62043840]" name="init" is-config="true" duration-ms="15" started-at="2015-07-08T10:39:07Z" finished-at="2015-07-08T10:39:07Z">
          <reporter-output>
          </reporter-output>
        </test-method> <!-- init -->
        <test-method status="PASS" signature="testUntitled4()[pri:0, instance:blog.JS_error_blog@62043840]" name="testUntitled4" duration-ms="1921" started-at="2015-07-08T10:39:07Z" finished-at="2015-07-08T10:39:09Z">
          <reporter-output>
          </reporter-output>
        </test-method> <!-- testUntitled4 -->
      </class> <!-- blog.JS_error_blog -->
      <class name="about.JS_error">
        <test-method status="PASS" signature="init()[pri:0, instance:about.JS_error@246ae04d]" name="init" is-config="true" duration-ms="6" started-at="2015-07-08T10:39:00Z" finished-at="2015-07-08T10:39:00Z">
          <reporter-output>
          </reporter-output>
        </test-method> <!-- init -->
        <test-method status="PASS" signature="testUntitled4()[pri:0, instance:about.JS_error@246ae04d]" name="testUntitled4" duration-ms="1326" started-at="2015-07-08T10:39:00Z" finished-at="2015-07-08T10:39:01Z">
          <reporter-output>
          </reporter-output>
        </test-method> <!-- testUntitled4 -->
      </class> <!-- about.JS_error -->
      <class name="services.JS_error">
        <test-method status="PASS" signature="init()[pri:0, instance:services.JS_error@180bc464]" name="init" is-config="true" duration-ms="8" started-at="2015-07-08T10:39:06Z" finished-at="2015-07-08T10:39:06Z">
          <reporter-output>
          </reporter-output>
        </test-method> <!-- init -->
        <test-method status="PASS" signature="testUntitled4()[pri:0, instance:services.JS_error@180bc464]" name="testUntitled4" duration-ms="592" started-at="2015-07-08T10:39:06Z" finished-at="2015-07-08T10:39:06Z">
          <reporter-output>
          </reporter-output>
        </test-method> <!-- testUntitled4 -->
      </class> <!-- services.JS_error -->
      <class name="blog.JS_error_post">
        <test-method status="PASS" signature="init()[pri:0, instance:blog.JS_error_post@735f7ae5]" name="init" is-config="true" duration-ms="5" started-at="2015-07-08T10:39:09Z" finished-at="2015-07-08T10:39:09Z">
          <reporter-output>
          </reporter-output>
        </test-method> <!-- init -->
        <test-method status="PASS" signature="testUntitled4()[pri:0, instance:blog.JS_error_post@735f7ae5]" name="testUntitled4" duration-ms="1339" started-at="2015-07-08T10:39:09Z" finished-at="2015-07-08T10:39:11Z">
          <reporter-output>
          </reporter-output>
        </test-method> <!-- testUntitled4 -->
      </class> <!-- blog.JS_error_post -->
    </test> <!-- JS Errors -->
    <test name="Homepage" duration-ms="14641" started-at="2015-07-08T07:39:11Z" finished-at="2015-07-08T07:39:25Z">
      <class name="home.Newsletter_invalid">
        <test-method status="PASS" signature="init()[pri:0, instance:home.Newsletter_invalid@12843fce]" name="init" is-config="true" duration-ms="9" started-at="2015-07-08T10:39:16Z" finished-at="2015-07-08T10:39:16Z">
          <reporter-output>
          </reporter-output>
        </test-method> <!-- init -->
        <test-method status="PASS" signature="testUntitled2()[pri:0, instance:home.Newsletter_invalid@12843fce]" name="testUntitled2" duration-ms="855" started-at="2015-07-08T10:39:16Z" finished-at="2015-07-08T10:39:17Z">
          <reporter-output>
          </reporter-output>
        </test-method> <!-- testUntitled2 -->
      </class> <!-- home.Newsletter_invalid -->
      <class name="home.Newsletter_valid">
        <test-method status="PASS" signature="init()[pri:0, instance:home.Newsletter_valid@13c78c0b]" name="init" is-config="true" duration-ms="13" started-at="2015-07-08T10:39:17Z" finished-at="2015-07-08T10:39:17Z">
          <reporter-output>
          </reporter-output>
        </test-method> <!-- init -->
        <test-method status="PASS" signature="testUntitled3()[pri:0, instance:home.Newsletter_valid@13c78c0b]" name="testUntitled3" duration-ms="2250" started-at="2015-07-08T10:39:17Z" finished-at="2015-07-08T10:39:19Z">
          <reporter-output>
          </reporter-output>
        </test-method> <!-- testUntitled3 -->
      </class> <!-- home.Newsletter_valid -->
      <class name="home.Banner">
        <test-method status="PASS" signature="init()[pri:0, instance:home.Banner@3dd3bcd]" name="init" is-config="true" duration-ms="8" started-at="2015-07-08T10:39:19Z" finished-at="2015-07-08T10:39:19Z">
          <reporter-output>
          </reporter-output>
        </test-method> <!-- init -->
        <test-method status="PASS" signature="testUntitled4()[pri:0, instance:home.Banner@3dd3bcd]" name="testUntitled4" duration-ms="5984" started-at="2015-07-08T10:39:19Z" finished-at="2015-07-08T10:39:25Z">
          <reporter-output>
          </reporter-output>
        </test-method> <!-- testUntitled4 -->
      </class> <!-- home.Banner -->
      <class name="home.Newsletter_empty">
        <test-method status="PASS" signature="init()[pri:0, instance:home.Newsletter_empty@97e1986]" name="init" is-config="true" duration-ms="7" started-at="2015-07-08T10:39:11Z" finished-at="2015-07-08T10:39:11Z">
          <reporter-output>
          </reporter-output>
        </test-method> <!-- init -->
        <test-method status="PASS" signature="testUntitled5()[pri:0, instance:home.Newsletter_empty@97e1986]" name="testUntitled5" duration-ms="5511" started-at="2015-07-08T10:39:11Z" finished-at="2015-07-08T10:39:16Z">
          <reporter-output>
          </reporter-output>
        </test-method> <!-- testUntitled5 -->
      </class> <!-- home.Newsletter_empty -->
    </test> <!-- Homepage -->
    <test name="About page" duration-ms="4969" started-at="2015-07-08T07:39:25Z" finished-at="2015-07-08T07:39:30Z">
      <class name="about.Contact_us">
        <test-method status="PASS" signature="init()[pri:0, instance:about.Contact_us@61a485d2]" name="init" is-config="true" duration-ms="4" started-at="2015-07-08T10:39:29Z" finished-at="2015-07-08T10:39:29Z">
          <reporter-output>
          </reporter-output>
        </test-method> <!-- init -->
        <test-method status="PASS" signature="testUntitled6()[pri:0, instance:about.Contact_us@61a485d2]" name="testUntitled6" duration-ms="1543" started-at="2015-07-08T10:39:29Z" finished-at="2015-07-08T10:39:30Z">
          <reporter-output>
          </reporter-output>
        </test-method> <!-- testUntitled6 -->
      </class> <!-- about.Contact_us -->
      <class name="about.Tabs">
        <test-method status="PASS" signature="init()[pri:0, instance:about.Tabs@59e84876]" name="init" is-config="true" duration-ms="23" started-at="2015-07-08T10:39:25Z" finished-at="2015-07-08T10:39:25Z">
          <reporter-output>
          </reporter-output>
        </test-method> <!-- init -->
        <test-method status="PASS" signature="testUntitled5()[pri:0, instance:about.Tabs@59e84876]" name="testUntitled5" duration-ms="3399" started-at="2015-07-08T10:39:25Z" finished-at="2015-07-08T10:39:29Z">
          <reporter-output>
          </reporter-output>
        </test-method> <!-- testUntitled5 -->
      </class> <!-- about.Tabs -->
    </test> <!-- About page -->
    <test name="Clients page" duration-ms="54448" started-at="2015-07-08T07:39:30Z" finished-at="2015-07-08T07:40:25Z">
      <class name="clients.Website">
        <test-method status="PASS" signature="init()[pri:0, instance:clients.Website@458ad742]" name="init" is-config="true" duration-ms="9" started-at="2015-07-08T10:40:21Z" finished-at="2015-07-08T10:40:21Z">
          <reporter-output>
          </reporter-output>
        </test-method> <!-- init -->
        <test-method status="PASS" signature="testUntitled7()[pri:0, instance:clients.Website@458ad742]" name="testUntitled7" duration-ms="3680" started-at="2015-07-08T10:40:21Z" finished-at="2015-07-08T10:40:25Z">
          <reporter-output>
          </reporter-output>
        </test-method> <!-- testUntitled7 -->
      </class> <!-- clients.Website -->
      <class name="clients.Navigation">
        <test-method status="PASS" signature="init()[pri:0, instance:clients.Navigation@2344fc66]" name="init" is-config="true" duration-ms="5" started-at="2015-07-08T10:40:12Z" finished-at="2015-07-08T10:40:12Z">
          <reporter-output>
          </reporter-output>
        </test-method> <!-- init -->
        <test-method status="PASS" signature="testUntitled10()[pri:0, instance:clients.Navigation@2344fc66]" name="testUntitled10" duration-ms="8590" started-at="2015-07-08T10:40:12Z" finished-at="2015-07-08T10:40:21Z">
          <reporter-output>
          </reporter-output>
        </test-method> <!-- testUntitled10 -->
      </class> <!-- clients.Navigation -->
      <class name="clients.Details">
        <test-method status="PASS" signature="init()[pri:0, instance:clients.Details@6574b225]" name="init" is-config="true" duration-ms="4" started-at="2015-07-08T10:39:30Z" finished-at="2015-07-08T10:39:30Z">
          <reporter-output>
          </reporter-output>
        </test-method> <!-- init -->
        <test-method status="PASS" signature="testUntitled8()[pri:0, instance:clients.Details@6574b225]" name="testUntitled8" duration-ms="36738" started-at="2015-07-08T10:39:30Z" finished-at="2015-07-08T10:40:07Z">
          <reporter-output>
          </reporter-output>
        </test-method> <!-- testUntitled8 -->
      </class> <!-- clients.Details -->
      <class name="clients.Details_elements">
        <test-method status="PASS" signature="init()[pri:0, instance:clients.Details_elements@2669b199]" name="init" is-config="true" duration-ms="8" started-at="2015-07-08T10:40:07Z" finished-at="2015-07-08T10:40:07Z">
          <reporter-output>
          </reporter-output>
        </test-method> <!-- init -->
        <test-method status="PASS" signature="testUntitled9()[pri:0, instance:clients.Details_elements@2669b199]" name="testUntitled9" duration-ms="5412" started-at="2015-07-08T10:40:07Z" finished-at="2015-07-08T10:40:12Z">
          <reporter-output>
          </reporter-output>
        </test-method> <!-- testUntitled9 -->
      </class> <!-- clients.Details_elements -->
    </test> <!-- Clients page -->
    <test name="Services page" duration-ms="1363" started-at="2015-07-08T07:40:25Z" finished-at="2015-07-08T07:40:26Z">
      <class name="services.Page">
        <test-method status="PASS" signature="init()[pri:0, instance:services.Page@1efbd816]" name="init" is-config="true" duration-ms="16" started-at="2015-07-08T10:40:25Z" finished-at="2015-07-08T10:40:25Z">
          <reporter-output>
          </reporter-output>
        </test-method> <!-- init -->
        <test-method status="PASS" signature="testUntitled2()[pri:0, instance:services.Page@1efbd816]" name="testUntitled2" duration-ms="1347" started-at="2015-07-08T10:40:25Z" finished-at="2015-07-08T10:40:26Z">
          <reporter-output>
          </reporter-output>
        </test-method> <!-- testUntitled2 -->
      </class> <!-- services.Page -->
    </test> <!-- Services page -->
    <test name="Contact page" duration-ms="54274" started-at="2015-07-08T07:40:26Z" finished-at="2015-07-08T07:41:20Z">
      <class name="contact.Form_invalid">
        <test-method status="PASS" signature="init()[pri:0, instance:contact.Form_invalid@5d5eef3d]" name="init" is-config="true" duration-ms="5" started-at="2015-07-08T10:40:26Z" finished-at="2015-07-08T10:40:26Z">
          <reporter-output>
          </reporter-output>
        </test-method> <!-- init -->
        <test-method status="PASS" signature="testUntitled3()[pri:0, instance:contact.Form_invalid@5d5eef3d]" name="testUntitled3" duration-ms="1917" started-at="2015-07-08T10:40:26Z" finished-at="2015-07-08T10:40:28Z">
          <reporter-output>
          </reporter-output>
        </test-method> <!-- testUntitled3 -->
      </class> <!-- contact.Form_invalid -->
      <class name="contact.Form_valid">
        <test-method status="PASS" signature="init()[pri:0, instance:contact.Form_valid@56f4468b]" name="init" is-config="true" duration-ms="5" started-at="2015-07-08T10:40:29Z" finished-at="2015-07-08T10:40:29Z">
          <reporter-output>
          </reporter-output>
        </test-method> <!-- init -->
        <test-method status="PASS" signature="testUntitled6()[pri:0, instance:contact.Form_valid@56f4468b]" name="testUntitled6" duration-ms="35775" started-at="2015-07-08T10:40:29Z" finished-at="2015-07-08T10:41:05Z">
          <reporter-output>
          </reporter-output>
        </test-method> <!-- testUntitled6 -->
      </class> <!-- contact.Form_valid -->
      <class name="contact.Form_empty">
        <test-method status="PASS" signature="init()[pri:0, instance:contact.Form_empty@3a82f6ef]" name="init" is-config="true" duration-ms="5" started-at="2015-07-08T10:40:28Z" finished-at="2015-07-08T10:40:28Z">
          <reporter-output>
          </reporter-output>
        </test-method> <!-- init -->
        <test-method status="PASS" signature="testUntitled4()[pri:0, instance:contact.Form_empty@3a82f6ef]" name="testUntitled4" duration-ms="1150" started-at="2015-07-08T10:40:28Z" finished-at="2015-07-08T10:40:29Z">
          <reporter-output>
          </reporter-output>
        </test-method> <!-- testUntitled4 -->
      </class> <!-- contact.Form_empty -->
      <class name="contact.Contact_email_change">
        <test-method status="PASS" signature="init()[pri:0, instance:contact.Contact_email_change@6cc4c815]" name="init" is-config="true" duration-ms="10" started-at="2015-07-08T10:41:05Z" finished-at="2015-07-08T10:41:05Z">
          <reporter-output>
          </reporter-output>
        </test-method> <!-- init -->
        <test-method status="PASS" signature="testUntitled6()[pri:0, instance:contact.Contact_email_change@6cc4c815]" name="testUntitled6" duration-ms="15404" started-at="2015-07-08T10:41:05Z" finished-at="2015-07-08T10:41:20Z">
          <reporter-output>
          </reporter-output>
        </test-method> <!-- testUntitled6 -->
      </class> <!-- contact.Contact_email_change -->
    </test> <!-- Contact page -->
    <test name="Blog page" duration-ms="85649" started-at="2015-07-08T07:41:20Z" finished-at="2015-07-08T07:42:46Z">
      <class name="blog.Comment">
        <test-method status="PASS" signature="init()[pri:0, instance:blog.Comment@548a9f61]" name="init" is-config="true" duration-ms="4" started-at="2015-07-08T10:41:48Z" finished-at="2015-07-08T10:41:48Z">
          <reporter-output>
          </reporter-output>
        </test-method> <!-- init -->
        <test-method status="PASS" signature="testUntitled4()[pri:0, instance:blog.Comment@548a9f61]" name="testUntitled4" duration-ms="34892" started-at="2015-07-08T10:41:48Z" finished-at="2015-07-08T10:42:23Z">
          <reporter-output>
          </reporter-output>
        </test-method> <!-- testUntitled4 -->
      </class> <!-- blog.Comment -->
      <class name="blog.Captcha_empty">
        <test-method status="PASS" signature="init()[pri:0, instance:blog.Captcha_empty@7dc7cbad]" name="init" is-config="true" duration-ms="6" started-at="2015-07-08T10:41:20Z" finished-at="2015-07-08T10:41:20Z">
          <reporter-output>
          </reporter-output>
        </test-method> <!-- init -->
        <test-method status="PASS" signature="testUntitled()[pri:0, instance:blog.Captcha_empty@7dc7cbad]" name="testUntitled" duration-ms="7448" started-at="2015-07-08T10:41:20Z" finished-at="2015-07-08T10:41:28Z">
          <reporter-output>
          </reporter-output>
        </test-method> <!-- testUntitled -->
      </class> <!-- blog.Captcha_empty -->
      <class name="blog.Captche_enable">
        <test-method status="PASS" signature="init()[pri:0, instance:blog.Captche_enable@4520ebad]" name="init" is-config="true" duration-ms="6" started-at="2015-07-08T10:42:23Z" finished-at="2015-07-08T10:42:23Z">
          <reporter-output>
          </reporter-output>
        </test-method> <!-- init -->
        <test-method status="PASS" signature="testUntitled3()[pri:0, instance:blog.Captche_enable@4520ebad]" name="testUntitled3" duration-ms="13214" started-at="2015-07-08T10:42:23Z" finished-at="2015-07-08T10:42:36Z">
          <reporter-output>
          </reporter-output>
        </test-method> <!-- testUntitled3 -->
      </class> <!-- blog.Captche_enable -->
      <class name="blog.Blog_page">
        <test-method status="PASS" signature="init()[pri:0, instance:blog.Blog_page@d2cc05a]" name="init" is-config="true" duration-ms="5" started-at="2015-07-08T10:42:38Z" finished-at="2015-07-08T10:42:38Z">
          <reporter-output>
          </reporter-output>
        </test-method> <!-- init -->
        <test-method status="PASS" signature="testUntitled2()[pri:0, instance:blog.Blog_page@d2cc05a]" name="testUntitled2" duration-ms="6157" started-at="2015-07-08T10:42:38Z" finished-at="2015-07-08T10:42:44Z">
          <reporter-output>
          </reporter-output>
        </test-method> <!-- testUntitled2 -->
      </class> <!-- blog.Blog_page -->
      <class name="blog.Captcha_invalid">
        <test-method status="PASS" signature="init()[pri:0, instance:blog.Captcha_invalid@1753acfe]" name="init" is-config="true" duration-ms="4" started-at="2015-07-08T10:41:28Z" finished-at="2015-07-08T10:41:28Z">
          <reporter-output>
          </reporter-output>
        </test-method> <!-- init -->
        <test-method status="PASS" signature="testUntitled2()[pri:0, instance:blog.Captcha_invalid@1753acfe]" name="testUntitled2" duration-ms="7482" started-at="2015-07-08T10:41:28Z" finished-at="2015-07-08T10:41:35Z">
          <reporter-output>
          </reporter-output>
        </test-method> <!-- testUntitled2 -->
      </class> <!-- blog.Captcha_invalid -->
      <class name="blog.Captcha_disable">
        <test-method status="PASS" signature="init()[pri:0, instance:blog.Captcha_disable@58651fd0]" name="init" is-config="true" duration-ms="4" started-at="2015-07-08T10:41:35Z" finished-at="2015-07-08T10:41:35Z">
          <reporter-output>
          </reporter-output>
        </test-method> <!-- init -->
        <test-method status="PASS" signature="testUntitled3()[pri:0, instance:blog.Captcha_disable@58651fd0]" name="testUntitled3" duration-ms="12462" started-at="2015-07-08T10:41:35Z" finished-at="2015-07-08T10:41:48Z">
          <reporter-output>
          </reporter-output>
        </test-method> <!-- testUntitled3 -->
        <test-method status="PASS" signature="tearDown()[pri:0, instance:blog.Captcha_disable@58651fd0]" name="tearDown" is-config="true" duration-ms="1431" started-at="2015-07-08T10:42:46Z" finished-at="2015-07-08T10:42:48Z">
          <reporter-output>
          </reporter-output>
        </test-method> <!-- tearDown -->
      </class> <!-- blog.Captcha_disable -->
      <class name="blog.Details_page">
        <test-method status="PASS" signature="init()[pri:0, instance:blog.Details_page@5419f379]" name="init" is-config="true" duration-ms="3" started-at="2015-07-08T10:42:36Z" finished-at="2015-07-08T10:42:36Z">
          <reporter-output>
          </reporter-output>
        </test-method> <!-- init -->
        <test-method status="PASS" signature="testUntitled()[pri:0, instance:blog.Details_page@5419f379]" name="testUntitled" duration-ms="1942" started-at="2015-07-08T10:42:36Z" finished-at="2015-07-08T10:42:38Z">
          <reporter-output>
          </reporter-output>
        </test-method> <!-- testUntitled -->
      </class> <!-- blog.Details_page -->
      <class name="blog.Search">
        <test-method status="PASS" signature="init()[pri:0, instance:blog.Search@4f933fd1]" name="init" is-config="true" duration-ms="6" started-at="2015-07-08T10:42:44Z" finished-at="2015-07-08T10:42:44Z">
          <reporter-output>
          </reporter-output>
        </test-method> <!-- init -->
        <test-method status="PASS" signature="testUntitled3()[pri:0, instance:blog.Search@4f933fd1]" name="testUntitled3" duration-ms="2010" started-at="2015-07-08T10:42:44Z" finished-at="2015-07-08T10:42:46Z">
          <reporter-output>
          </reporter-output>
        </test-method> <!-- testUntitled3 -->
      </class> <!-- blog.Search -->
    </test> <!-- Blog page -->
  </suite> <!-- Smoke test -->
</testng-results>
