<?xml version="1.0" encoding="UTF-8"?>
<testng-results skipped="0" failed="1" total="30" passed="29">
  <reporter-output>
  </reporter-output>
  <suite name="Tests" duration-ms="407821" started-at="2014-08-14T13:13:57Z" finished-at="2014-08-14T13:20:45Z">
    <groups>
    </groups>
    <test name="Test1" duration-ms="407821" started-at="2014-08-14T13:13:57Z" finished-at="2014-08-14T13:20:45Z">
      <class name="clients.Details">
        <test-method status="PASS" signature="init()[pri:0, instance:clients.Details@51504155]" name="init" is-config="true" duration-ms="4" started-at="2014-08-14T17:16:23Z" finished-at="2014-08-14T17:16:23Z">
          <reporter-output>
          </reporter-output>
        </test-method> <!-- init -->
        <test-method status="PASS" signature="testUntitled8()[pri:0, instance:clients.Details@51504155]" name="testUntitled8" duration-ms="9853" started-at="2014-08-14T17:16:23Z" finished-at="2014-08-14T17:16:33Z">
          <reporter-output>
          </reporter-output>
        </test-method> <!-- testUntitled8 -->
      </class> <!-- clients.Details -->
      <class name="services.Page">
        <test-method status="PASS" signature="init()[pri:0, instance:services.Page@415dd2f9]" name="init" is-config="true" duration-ms="1200" started-at="2014-08-14T17:16:59Z" finished-at="2014-08-14T17:17:00Z">
          <reporter-output>
          </reporter-output>
        </test-method> <!-- init -->
        <test-method status="PASS" signature="testUntitled2()[pri:0, instance:services.Page@415dd2f9]" name="testUntitled2" duration-ms="2679" started-at="2014-08-14T17:17:00Z" finished-at="2014-08-14T17:17:03Z">
          <reporter-output>
          </reporter-output>
        </test-method> <!-- testUntitled2 -->
      </class> <!-- services.Page -->
      <class name="blog.Captche_enable">
        <test-method status="PASS" signature="init()[pri:0, instance:blog.Captche_enable@685d62a4]" name="init" is-config="true" duration-ms="6" started-at="2014-08-14T17:20:23Z" finished-at="2014-08-14T17:20:23Z">
          <reporter-output>
          </reporter-output>
        </test-method> <!-- init -->
        <test-method status="PASS" signature="testUntitled3()[pri:0, instance:blog.Captche_enable@685d62a4]" name="testUntitled3" duration-ms="14756" started-at="2014-08-14T17:20:23Z" finished-at="2014-08-14T17:20:38Z">
          <reporter-output>
          </reporter-output>
        </test-method> <!-- testUntitled3 -->
      </class> <!-- blog.Captche_enable -->
      <class name="about.Contact_us">
        <test-method status="PASS" signature="init()[pri:0, instance:about.Contact_us@1bfdbab5]" name="init" is-config="true" duration-ms="7" started-at="2014-08-14T17:16:21Z" finished-at="2014-08-14T17:16:21Z">
          <reporter-output>
          </reporter-output>
        </test-method> <!-- init -->
        <test-method status="PASS" signature="testUntitled6()[pri:0, instance:about.Contact_us@1bfdbab5]" name="testUntitled6" duration-ms="2088" started-at="2014-08-14T17:16:21Z" finished-at="2014-08-14T17:16:23Z">
          <reporter-output>
          </reporter-output>
        </test-method> <!-- testUntitled6 -->
      </class> <!-- about.Contact_us -->
      <class name="blog.JS_error_blog">
        <test-method status="PASS" signature="init()[pri:0, instance:blog.JS_error_blog@172d40de]" name="init" is-config="true" duration-ms="20" started-at="2014-08-14T17:15:33Z" finished-at="2014-08-14T17:15:33Z">
          <reporter-output>
          </reporter-output>
        </test-method> <!-- init -->
        <test-method status="PASS" signature="testUntitled4()[pri:0, instance:blog.JS_error_blog@172d40de]" name="testUntitled4" duration-ms="8535" started-at="2014-08-14T17:15:33Z" finished-at="2014-08-14T17:15:42Z">
          <reporter-output>
          </reporter-output>
        </test-method> <!-- testUntitled4 -->
      </class> <!-- blog.JS_error_blog -->
      <class name="about.Tabs">
        <test-method status="PASS" signature="init()[pri:0, instance:about.Tabs@629609cc]" name="init" is-config="true" duration-ms="50" started-at="2014-08-14T17:16:04Z" finished-at="2014-08-14T17:16:04Z">
          <reporter-output>
          </reporter-output>
        </test-method> <!-- init -->
        <test-method status="PASS" signature="testUntitled5()[pri:0, instance:about.Tabs@629609cc]" name="testUntitled5" duration-ms="17089" started-at="2014-08-14T17:16:04Z" finished-at="2014-08-14T17:16:21Z">
          <reporter-output>
          </reporter-output>
        </test-method> <!-- testUntitled5 -->
      </class> <!-- about.Tabs -->
      <class name="blog.Blog_page">
        <test-method status="PASS" signature="init()[pri:0, instance:blog.Blog_page@d30adbf]" name="init" is-config="true" duration-ms="5" started-at="2014-08-14T17:20:41Z" finished-at="2014-08-14T17:20:41Z">
          <reporter-output>
          </reporter-output>
        </test-method> <!-- init -->
        <test-method status="PASS" signature="testUntitled2()[pri:0, instance:blog.Blog_page@d30adbf]" name="testUntitled2" duration-ms="751" started-at="2014-08-14T17:20:41Z" finished-at="2014-08-14T17:20:42Z">
          <reporter-output>
          </reporter-output>
        </test-method> <!-- testUntitled2 -->
      </class> <!-- blog.Blog_page -->
      <class name="blog.Search">
        <test-method status="PASS" signature="init()[pri:0, instance:blog.Search@53aa4bb4]" name="init" is-config="true" duration-ms="4" started-at="2014-08-14T17:20:42Z" finished-at="2014-08-14T17:20:42Z">
          <reporter-output>
          </reporter-output>
        </test-method> <!-- init -->
        <test-method status="PASS" signature="testUntitled3()[pri:0, instance:blog.Search@53aa4bb4]" name="testUntitled3" duration-ms="3365" started-at="2014-08-14T17:20:42Z" finished-at="2014-08-14T17:20:45Z">
          <reporter-output>
          </reporter-output>
        </test-method> <!-- testUntitled3 -->
      </class> <!-- blog.Search -->
      <class name="contact.JS_error">
        <test-method status="PASS" signature="init()[pri:0, instance:contact.JS_error@1c057a1e]" name="init" is-config="true" duration-ms="16" started-at="2014-08-14T17:15:32Z" finished-at="2014-08-14T17:15:32Z">
          <reporter-output>
          </reporter-output>
        </test-method> <!-- init -->
        <test-method status="PASS" signature="testUntitled4()[pri:0, instance:contact.JS_error@1c057a1e]" name="testUntitled4" duration-ms="1357" started-at="2014-08-14T17:15:32Z" finished-at="2014-08-14T17:15:33Z">
          <reporter-output>
          </reporter-output>
        </test-method> <!-- testUntitled4 -->
      </class> <!-- contact.JS_error -->
      <class name="contact.Contact_email_change">
        <test-method status="PASS" signature="init()[pri:0, instance:contact.Contact_email_change@76dedd5c]" name="init" is-config="true" duration-ms="5" started-at="2014-08-14T17:17:55Z" finished-at="2014-08-14T17:17:55Z">
          <reporter-output>
          </reporter-output>
        </test-method> <!-- init -->
        <test-method status="PASS" signature="testUntitled6()[pri:0, instance:contact.Contact_email_change@76dedd5c]" name="testUntitled6" duration-ms="9369" started-at="2014-08-14T17:17:55Z" finished-at="2014-08-14T17:18:04Z">
          <reporter-output>
          </reporter-output>
        </test-method> <!-- testUntitled6 -->
      </class> <!-- contact.Contact_email_change -->
      <class name="blog.Comment">
        <test-method status="PASS" signature="init()[pri:0, instance:blog.Comment@200e5602]" name="init" is-config="true" duration-ms="3" started-at="2014-08-14T17:18:48Z" finished-at="2014-08-14T17:18:48Z">
          <reporter-output>
          </reporter-output>
        </test-method> <!-- init -->
        <test-method status="PASS" signature="testUntitled4()[pri:0, instance:blog.Comment@200e5602]" name="testUntitled4" duration-ms="95187" started-at="2014-08-14T17:18:48Z" finished-at="2014-08-14T17:20:23Z">
          <reporter-output>
          </reporter-output>
        </test-method> <!-- testUntitled4 -->
      </class> <!-- blog.Comment -->
      <class name="home.JS_error">
        <test-method status="PASS" signature="init()[pri:0, instance:home.JS_error@6bf15d27]" name="init" is-config="true" duration-ms="37069" started-at="2014-08-14T17:13:58Z" finished-at="2014-08-14T17:14:35Z">
          <reporter-output>
          </reporter-output>
        </test-method> <!-- init -->
        <test-method status="FAIL" signature="testUntitled4()[pri:0, instance:home.JS_error@6bf15d27]" name="testUntitled4" duration-ms="20330" started-at="2014-08-14T17:14:35Z" finished-at="2014-08-14T17:14:55Z">
          <exception class="org.openqa.selenium.WebDriverException">
            <message>
              <![CDATA[unknown error: result was not received in 10 seconds
  (Session info: chrome=36.0.1985.125)
  (Driver info: chromedriver=2.9.248315,platform=Windows NT 6.2 x86_64) (WARNING: The server did not provide any stacktrace information)
Command duration or timeout: 19.99 seconds
Build info: version: '2.40.0', revision: '4c5c0568b004f67810ee41c459549aa4b09c651e', time: '2014-02-19 11:13:01'
System info: host: 'Lana-laptop', ip: '192.168.56.1', os.name: 'Windows 8', os.arch: 'amd64', os.version: '6.2', java.version: '1.7.0_45'
Session ID: 795b3bbdc5f8a31c1ea89e48bdebfc00
Driver info: org.openqa.selenium.chrome.ChromeDriver
Capabilities [{platform=WIN8, acceptSslCerts=true, javascriptEnabled=true, browserName=chrome, chrome={userDataDir=C:\Users\Lana\AppData\Local\Temp\scoped_dir7700_11784}, rotatable=false, locationContextEnabled=true, version=36.0.1985.125, takesHeapSnapshot=true, cssSelectorsEnabled=true, databaseEnabled=false, handlesAlerts=true, browserConnectionEnabled=false, nativeEvents=true, webStorageEnabled=true, applicationCacheEnabled=false, takesScreenshot=true}]]]>
            </message>
            <full-stacktrace>
              <![CDATA[org.openqa.selenium.WebDriverException: unknown error: result was not received in 10 seconds
  (Session info: chrome=36.0.1985.125)
  (Driver info: chromedriver=2.9.248315,platform=Windows NT 6.2 x86_64) (WARNING: The server did not provide any stacktrace information)
Command duration or timeout: 19.99 seconds
Build info: version: '2.40.0', revision: '4c5c0568b004f67810ee41c459549aa4b09c651e', time: '2014-02-19 11:13:01'
System info: host: 'Lana-laptop', ip: '192.168.56.1', os.name: 'Windows 8', os.arch: 'amd64', os.version: '6.2', java.version: '1.7.0_45'
Session ID: 795b3bbdc5f8a31c1ea89e48bdebfc00
Driver info: org.openqa.selenium.chrome.ChromeDriver
Capabilities [{platform=WIN8, acceptSslCerts=true, javascriptEnabled=true, browserName=chrome, chrome={userDataDir=C:\Users\Lana\AppData\Local\Temp\scoped_dir7700_11784}, rotatable=false, locationContextEnabled=true, version=36.0.1985.125, takesHeapSnapshot=true, cssSelectorsEnabled=true, databaseEnabled=false, handlesAlerts=true, browserConnectionEnabled=false, nativeEvents=true, webStorageEnabled=true, applicationCacheEnabled=false, takesScreenshot=true}]
	at sun.reflect.NativeConstructorAccessorImpl.newInstance0(Native Method)
	at sun.reflect.NativeConstructorAccessorImpl.newInstance(NativeConstructorAccessorImpl.java:57)
	at sun.reflect.DelegatingConstructorAccessorImpl.newInstance(DelegatingConstructorAccessorImpl.java:45)
	at java.lang.reflect.Constructor.newInstance(Constructor.java:526)
	at org.openqa.selenium.remote.ErrorHandler.createThrowable(ErrorHandler.java:193)
	at org.openqa.selenium.remote.ErrorHandler.throwIfResponseFailed(ErrorHandler.java:145)
	at org.openqa.selenium.remote.RemoteWebDriver.execute(RemoteWebDriver.java:573)
	at org.openqa.selenium.remote.RemoteWebDriver$RemoteWebDriverOptions$RemoteWindow.maximize(RemoteWebDriver.java:803)
	at home.JS_error.testUntitled4(JS_error.java:31)
	at sun.reflect.NativeMethodAccessorImpl.invoke0(Native Method)
	at sun.reflect.NativeMethodAccessorImpl.invoke(NativeMethodAccessorImpl.java:57)
	at sun.reflect.DelegatingMethodAccessorImpl.invoke(DelegatingMethodAccessorImpl.java:43)
	at java.lang.reflect.Method.invoke(Method.java:606)
	at org.testng.internal.MethodInvocationHelper.invokeMethod(MethodInvocationHelper.java:84)
	at org.testng.internal.Invoker.invokeMethod(Invoker.java:714)
	at org.testng.internal.Invoker.invokeTestMethod(Invoker.java:901)
	at org.testng.internal.Invoker.invokeTestMethods(Invoker.java:1231)
	at org.testng.internal.TestMethodWorker.invokeTestMethods(TestMethodWorker.java:127)
	at org.testng.internal.TestMethodWorker.run(TestMethodWorker.java:111)
	at org.testng.TestRunner.privateRun(TestRunner.java:767)
	at org.testng.TestRunner.run(TestRunner.java:617)
	at org.testng.SuiteRunner.runTest(SuiteRunner.java:348)
	at org.testng.SuiteRunner.runSequentially(SuiteRunner.java:343)
	at org.testng.SuiteRunner.privateRun(SuiteRunner.java:305)
	at org.testng.SuiteRunner.run(SuiteRunner.java:254)
	at org.testng.SuiteRunnerWorker.runSuite(SuiteRunnerWorker.java:52)
	at org.testng.SuiteRunnerWorker.run(SuiteRunnerWorker.java:86)
	at org.testng.TestNG.runSuitesSequentially(TestNG.java:1224)
	at org.testng.TestNG.runSuitesLocally(TestNG.java:1149)
	at org.testng.TestNG.run(TestNG.java:1057)
	at org.apache.maven.surefire.testng.TestNGExecutor.run(TestNGExecutor.java:217)
	at org.apache.maven.surefire.testng.TestNGXmlTestSuite.execute(TestNGXmlTestSuite.java:84)
	at org.apache.maven.surefire.testng.TestNGProvider.invoke(TestNGProvider.java:92)
	at org.apache.maven.surefire.booter.ForkedBooter.invokeProviderInSameClassLoader(ForkedBooter.java:200)
	at org.apache.maven.surefire.booter.ForkedBooter.runSuitesInProcess(ForkedBooter.java:153)
	at org.apache.maven.surefire.booter.ForkedBooter.main(ForkedBooter.java:103)
]]>
            </full-stacktrace>
          </exception> <!-- org.openqa.selenium.WebDriverException -->
          <reporter-output>
          </reporter-output>
        </test-method> <!-- testUntitled4 -->
      </class> <!-- home.JS_error -->
      <class name="home.Banner">
        <test-method status="PASS" signature="init()[pri:0, instance:home.Banner@17965791]" name="init" is-config="true" duration-ms="11" started-at="2014-08-14T17:15:57Z" finished-at="2014-08-14T17:15:57Z">
          <reporter-output>
          </reporter-output>
        </test-method> <!-- init -->
        <test-method status="PASS" signature="testUntitled4()[pri:0, instance:home.Banner@17965791]" name="testUntitled4" duration-ms="6509" started-at="2014-08-14T17:15:57Z" finished-at="2014-08-14T17:16:04Z">
          <reporter-output>
          </reporter-output>
        </test-method> <!-- testUntitled4 -->
      </class> <!-- home.Banner -->
      <class name="blog.Captcha_disable">
        <test-method status="PASS" signature="init()[pri:0, instance:blog.Captcha_disable@40800a9e]" name="init" is-config="true" duration-ms="3" started-at="2014-08-14T17:18:31Z" finished-at="2014-08-14T17:18:31Z">
          <reporter-output>
          </reporter-output>
        </test-method> <!-- init -->
        <test-method status="PASS" signature="testUntitled3()[pri:0, instance:blog.Captcha_disable@40800a9e]" name="testUntitled3" duration-ms="16876" started-at="2014-08-14T17:18:31Z" finished-at="2014-08-14T17:18:48Z">
          <reporter-output>
          </reporter-output>
        </test-method> <!-- testUntitled3 -->
      </class> <!-- blog.Captcha_disable -->
      <class name="clients.Details_elements">
        <test-method status="PASS" signature="init()[pri:0, instance:clients.Details_elements@2a205c98]" name="init" is-config="true" duration-ms="5" started-at="2014-08-14T17:16:33Z" finished-at="2014-08-14T17:16:33Z">
          <reporter-output>
          </reporter-output>
        </test-method> <!-- init -->
        <test-method status="PASS" signature="testUntitled9()[pri:0, instance:clients.Details_elements@2a205c98]" name="testUntitled9" duration-ms="2428" started-at="2014-08-14T17:16:33Z" finished-at="2014-08-14T17:16:35Z">
          <reporter-output>
          </reporter-output>
        </test-method> <!-- testUntitled9 -->
      </class> <!-- clients.Details_elements -->
      <class name="clients.Website">
        <test-method status="PASS" signature="init()[pri:0, instance:clients.Website@391ba64d]" name="init" is-config="true" duration-ms="4" started-at="2014-08-14T17:16:46Z" finished-at="2014-08-14T17:16:46Z">
          <reporter-output>
          </reporter-output>
        </test-method> <!-- init -->
        <test-method status="PASS" signature="testUntitled7()[pri:0, instance:clients.Website@391ba64d]" name="testUntitled7" duration-ms="12985" started-at="2014-08-14T17:16:46Z" finished-at="2014-08-14T17:16:59Z">
          <reporter-output>
          </reporter-output>
        </test-method> <!-- testUntitled7 -->
      </class> <!-- clients.Website -->
      <class name="blog.Details_page">
        <test-method status="PASS" signature="init()[pri:0, instance:blog.Details_page@329f14c3]" name="init" is-config="true" duration-ms="4" started-at="2014-08-14T17:20:38Z" finished-at="2014-08-14T17:20:38Z">
          <reporter-output>
          </reporter-output>
        </test-method> <!-- init -->
        <test-method status="PASS" signature="testUntitled()[pri:0, instance:blog.Details_page@329f14c3]" name="testUntitled" duration-ms="2677" started-at="2014-08-14T17:20:38Z" finished-at="2014-08-14T17:20:41Z">
          <reporter-output>
          </reporter-output>
        </test-method> <!-- testUntitled -->
      </class> <!-- blog.Details_page -->
      <class name="blog.JS_error_post">
        <test-method status="PASS" signature="init()[pri:0, instance:blog.JS_error_post@46432685]" name="init" is-config="true" duration-ms="6" started-at="2014-08-14T17:15:42Z" finished-at="2014-08-14T17:15:42Z">
          <reporter-output>
          </reporter-output>
        </test-method> <!-- init -->
        <test-method status="PASS" signature="testUntitled4()[pri:0, instance:blog.JS_error_post@46432685]" name="testUntitled4" duration-ms="1047" started-at="2014-08-14T17:15:42Z" finished-at="2014-08-14T17:15:43Z">
          <reporter-output>
          </reporter-output>
        </test-method> <!-- testUntitled4 -->
      </class> <!-- blog.JS_error_post -->
      <class name="blog.Captcha_empty">
        <test-method status="PASS" signature="init()[pri:0, instance:blog.Captcha_empty@16392c27]" name="init" is-config="true" duration-ms="4" started-at="2014-08-14T17:18:04Z" finished-at="2014-08-14T17:18:04Z">
          <reporter-output>
          </reporter-output>
        </test-method> <!-- init -->
        <test-method status="PASS" signature="testUntitled()[pri:0, instance:blog.Captcha_empty@16392c27]" name="testUntitled" duration-ms="17582" started-at="2014-08-14T17:18:04Z" finished-at="2014-08-14T17:18:22Z">
          <reporter-output>
          </reporter-output>
        </test-method> <!-- testUntitled -->
      </class> <!-- blog.Captcha_empty -->
      <class name="contact.Form_invalid">
        <test-method status="PASS" signature="init()[pri:0, instance:contact.Form_invalid@3d2656d3]" name="init" is-config="true" duration-ms="3" started-at="2014-08-14T17:17:03Z" finished-at="2014-08-14T17:17:03Z">
          <reporter-output>
          </reporter-output>
        </test-method> <!-- init -->
        <test-method status="PASS" signature="testUntitled3()[pri:0, instance:contact.Form_invalid@3d2656d3]" name="testUntitled3" duration-ms="4558" started-at="2014-08-14T17:17:03Z" finished-at="2014-08-14T17:17:08Z">
          <reporter-output>
          </reporter-output>
        </test-method> <!-- testUntitled3 -->
      </class> <!-- contact.Form_invalid -->
      <class name="blog.Captcha_invalid">
        <test-method status="PASS" signature="init()[pri:0, instance:blog.Captcha_invalid@2196fffc]" name="init" is-config="true" duration-ms="8" started-at="2014-08-14T17:18:22Z" finished-at="2014-08-14T17:18:22Z">
          <reporter-output>
          </reporter-output>
        </test-method> <!-- init -->
        <test-method status="PASS" signature="testUntitled2()[pri:0, instance:blog.Captcha_invalid@2196fffc]" name="testUntitled2" duration-ms="9556" started-at="2014-08-14T17:18:22Z" finished-at="2014-08-14T17:18:31Z">
          <reporter-output>
          </reporter-output>
        </test-method> <!-- testUntitled2 -->
      </class> <!-- blog.Captcha_invalid -->
      <class name="home.Newsletter_valid">
        <test-method status="PASS" signature="init()[pri:0, instance:home.Newsletter_valid@6d29a916]" name="init" is-config="true" duration-ms="3" started-at="2014-08-14T17:15:55Z" finished-at="2014-08-14T17:15:55Z">
          <reporter-output>
          </reporter-output>
        </test-method> <!-- init -->
        <test-method status="PASS" signature="testUntitled3()[pri:0, instance:home.Newsletter_valid@6d29a916]" name="testUntitled3" duration-ms="2449" started-at="2014-08-14T17:15:55Z" finished-at="2014-08-14T17:15:57Z">
          <reporter-output>
          </reporter-output>
        </test-method> <!-- testUntitled3 -->
        <test-method status="PASS" signature="tearDown()[pri:0, instance:home.Newsletter_valid@6d29a916]" name="tearDown" is-config="true" duration-ms="1748" started-at="2014-08-14T17:20:46Z" finished-at="2014-08-14T17:20:48Z">
          <reporter-output>
          </reporter-output>
        </test-method> <!-- tearDown -->
      </class> <!-- home.Newsletter_valid -->
      <class name="contact.Form_empty">
        <test-method status="PASS" signature="init()[pri:0, instance:contact.Form_empty@2b9455f1]" name="init" is-config="true" duration-ms="4" started-at="2014-08-14T17:17:08Z" finished-at="2014-08-14T17:17:08Z">
          <reporter-output>
          </reporter-output>
        </test-method> <!-- init -->
        <test-method status="PASS" signature="testUntitled4()[pri:0, instance:contact.Form_empty@2b9455f1]" name="testUntitled4" duration-ms="943" started-at="2014-08-14T17:17:08Z" finished-at="2014-08-14T17:17:09Z">
          <reporter-output>
          </reporter-output>
        </test-method> <!-- testUntitled4 -->
      </class> <!-- contact.Form_empty -->
      <class name="services.JS_error">
        <test-method status="PASS" signature="init()[pri:0, instance:services.JS_error@bbf4061]" name="init" is-config="true" duration-ms="13" started-at="2014-08-14T17:15:30Z" finished-at="2014-08-14T17:15:30Z">
          <reporter-output>
          </reporter-output>
        </test-method> <!-- init -->
        <test-method status="PASS" signature="testUntitled4()[pri:0, instance:services.JS_error@bbf4061]" name="testUntitled4" duration-ms="1411" started-at="2014-08-14T17:15:30Z" finished-at="2014-08-14T17:15:32Z">
          <reporter-output>
          </reporter-output>
        </test-method> <!-- testUntitled4 -->
      </class> <!-- services.JS_error -->
      <class name="clients.Navigation">
        <test-method status="PASS" signature="init()[pri:0, instance:clients.Navigation@2eeccf6e]" name="init" is-config="true" duration-ms="5" started-at="2014-08-14T17:16:35Z" finished-at="2014-08-14T17:16:35Z">
          <reporter-output>
          </reporter-output>
        </test-method> <!-- init -->
        <test-method status="PASS" signature="testUntitled10()[pri:0, instance:clients.Navigation@2eeccf6e]" name="testUntitled10" duration-ms="11016" started-at="2014-08-14T17:16:35Z" finished-at="2014-08-14T17:16:46Z">
          <reporter-output>
          </reporter-output>
        </test-method> <!-- testUntitled10 -->
      </class> <!-- clients.Navigation -->
      <class name="about.JS_error">
        <test-method status="PASS" signature="init()[pri:0, instance:about.JS_error@331ae2ce]" name="init" is-config="true" duration-ms="6" started-at="2014-08-14T17:14:56Z" finished-at="2014-08-14T17:14:56Z">
          <reporter-output>
          </reporter-output>
        </test-method> <!-- init -->
        <test-method status="PASS" signature="testUntitled4()[pri:0, instance:about.JS_error@331ae2ce]" name="testUntitled4" duration-ms="17999" started-at="2014-08-14T17:14:56Z" finished-at="2014-08-14T17:15:14Z">
          <reporter-output>
          </reporter-output>
        </test-method> <!-- testUntitled4 -->
      </class> <!-- about.JS_error -->
      <class name="home.Newsletter_invalid">
        <test-method status="PASS" signature="init()[pri:0, instance:home.Newsletter_invalid@76c5faf5]" name="init" is-config="true" duration-ms="5" started-at="2014-08-14T17:15:53Z" finished-at="2014-08-14T17:15:53Z">
          <reporter-output>
          </reporter-output>
        </test-method> <!-- init -->
        <test-method status="PASS" signature="testUntitled2()[pri:0, instance:home.Newsletter_invalid@76c5faf5]" name="testUntitled2" duration-ms="1267" started-at="2014-08-14T17:15:53Z" finished-at="2014-08-14T17:15:55Z">
          <reporter-output>
          </reporter-output>
        </test-method> <!-- testUntitled2 -->
      </class> <!-- home.Newsletter_invalid -->
      <class name="home.Newsletter_empty">
        <test-method status="PASS" signature="init()[pri:0, instance:home.Newsletter_empty@aaf8eaa]" name="init" is-config="true" duration-ms="7" started-at="2014-08-14T17:15:43Z" finished-at="2014-08-14T17:15:43Z">
          <reporter-output>
          </reporter-output>
        </test-method> <!-- init -->
        <test-method status="PASS" signature="testUntitled()[pri:0, instance:home.Newsletter_empty@aaf8eaa]" name="testUntitled" duration-ms="10857" started-at="2014-08-14T17:15:43Z" finished-at="2014-08-14T17:15:53Z">
          <reporter-output>
          </reporter-output>
        </test-method> <!-- testUntitled -->
      </class> <!-- home.Newsletter_empty -->
      <class name="clients.JS_error">
        <test-method status="PASS" signature="init()[pri:0, instance:clients.JS_error@f4efcb0]" name="init" is-config="true" duration-ms="6" started-at="2014-08-14T17:15:14Z" finished-at="2014-08-14T17:15:14Z">
          <reporter-output>
          </reporter-output>
        </test-method> <!-- init -->
        <test-method status="PASS" signature="testUntitled4()[pri:0, instance:clients.JS_error@f4efcb0]" name="testUntitled4" duration-ms="16633" started-at="2014-08-14T17:15:14Z" finished-at="2014-08-14T17:15:30Z">
          <reporter-output>
          </reporter-output>
        </test-method> <!-- testUntitled4 -->
      </class> <!-- clients.JS_error -->
      <class name="contact.Form_valid">
        <test-method status="PASS" signature="init()[pri:0, instance:contact.Form_valid@4af73283]" name="init" is-config="true" duration-ms="4" started-at="2014-08-14T17:17:09Z" finished-at="2014-08-14T17:17:09Z">
          <reporter-output>
          </reporter-output>
        </test-method> <!-- init -->
        <test-method status="PASS" signature="testUntitled6()[pri:0, instance:contact.Form_valid@4af73283]" name="testUntitled6" duration-ms="46222" started-at="2014-08-14T17:17:09Z" finished-at="2014-08-14T17:17:55Z">
          <reporter-output>
          </reporter-output>
        </test-method> <!-- testUntitled6 -->
      </class> <!-- contact.Form_valid -->
    </test> <!-- Test1 -->
  </suite> <!-- Tests -->
</testng-results>
