<?xml version="1.0" encoding="UTF-8"?>
<testng-results skipped="0" failed="0" total="29" passed="29">
  <reporter-output>
  </reporter-output>
  <suite name="Tests" duration-ms="146008" started-at="2014-08-06T11:02:47Z" finished-at="2014-08-06T11:05:13Z">
    <groups>
    </groups>
    <test name="Test1" duration-ms="146008" started-at="2014-08-06T11:02:47Z" finished-at="2014-08-06T11:05:13Z">
      <class name="clients.Details">
        <test-method status="PASS" signature="init()[pri:0, instance:clients.Details@2296c1d]" name="init" is-config="true" duration-ms="6" started-at="2014-08-06T15:03:19Z" finished-at="2014-08-06T15:03:19Z">
          <reporter-output>
          </reporter-output>
        </test-method> <!-- init -->
        <test-method status="PASS" signature="testUntitled8()[pri:0, instance:clients.Details@2296c1d]" name="testUntitled8" duration-ms="2480" started-at="2014-08-06T15:03:19Z" finished-at="2014-08-06T15:03:21Z">
          <reporter-output>
          </reporter-output>
        </test-method> <!-- testUntitled8 -->
      </class> <!-- clients.Details -->
      <class name="services.Page">
        <test-method status="PASS" signature="init()[pri:0, instance:services.Page@3fdf27be]" name="init" is-config="true" duration-ms="6" started-at="2014-08-06T15:03:32Z" finished-at="2014-08-06T15:03:32Z">
          <reporter-output>
          </reporter-output>
        </test-method> <!-- init -->
        <test-method status="PASS" signature="testUntitled2()[pri:0, instance:services.Page@3fdf27be]" name="testUntitled2" duration-ms="1028" started-at="2014-08-06T15:03:32Z" finished-at="2014-08-06T15:03:33Z">
          <reporter-output>
          </reporter-output>
        </test-method> <!-- testUntitled2 -->
      </class> <!-- services.Page -->
      <class name="blog.JS_error_blog">
        <test-method status="PASS" signature="init()[pri:0, instance:blog.JS_error_blog@1c042510]" name="init" is-config="true" duration-ms="13" started-at="2014-08-06T15:03:00Z" finished-at="2014-08-06T15:03:00Z">
          <reporter-output>
          </reporter-output>
        </test-method> <!-- init -->
        <test-method status="PASS" signature="testUntitled4()[pri:0, instance:blog.JS_error_blog@1c042510]" name="testUntitled4" duration-ms="2929" started-at="2014-08-06T15:03:00Z" finished-at="2014-08-06T15:03:03Z">
          <reporter-output>
          </reporter-output>
        </test-method> <!-- testUntitled4 -->
      </class> <!-- blog.JS_error_blog -->
      <class name="about.Contact_us">
        <test-method status="PASS" signature="init()[pri:0, instance:about.Contact_us@26319e5b]" name="init" is-config="true" duration-ms="4" started-at="2014-08-06T15:03:17Z" finished-at="2014-08-06T15:03:17Z">
          <reporter-output>
          </reporter-output>
        </test-method> <!-- init -->
        <test-method status="PASS" signature="testUntitled6()[pri:0, instance:about.Contact_us@26319e5b]" name="testUntitled6" duration-ms="1233" started-at="2014-08-06T15:03:17Z" finished-at="2014-08-06T15:03:19Z">
          <reporter-output>
          </reporter-output>
        </test-method> <!-- testUntitled6 -->
        <test-method status="PASS" signature="tearDown()[pri:0, instance:about.Contact_us@26319e5b]" name="tearDown" is-config="true" duration-ms="1732" started-at="2014-08-06T15:05:13Z" finished-at="2014-08-06T15:05:15Z">
          <reporter-output>
          </reporter-output>
        </test-method> <!-- tearDown -->
      </class> <!-- about.Contact_us -->
      <class name="about.Tabs">
        <test-method status="PASS" signature="init()[pri:0, instance:about.Tabs@30cbd22a]" name="init" is-config="true" duration-ms="8" started-at="2014-08-06T15:03:14Z" finished-at="2014-08-06T15:03:14Z">
          <reporter-output>
          </reporter-output>
        </test-method> <!-- init -->
        <test-method status="PASS" signature="testUntitled5()[pri:0, instance:about.Tabs@30cbd22a]" name="testUntitled5" duration-ms="3388" started-at="2014-08-06T15:03:14Z" finished-at="2014-08-06T15:03:17Z">
          <reporter-output>
          </reporter-output>
        </test-method> <!-- testUntitled5 -->
      </class> <!-- about.Tabs -->
      <class name="blog.Blog_page">
        <test-method status="PASS" signature="init()[pri:0, instance:blog.Blog_page@2b155ce8]" name="init" is-config="true" duration-ms="5" started-at="2014-08-06T15:05:10Z" finished-at="2014-08-06T15:05:10Z">
          <reporter-output>
          </reporter-output>
        </test-method> <!-- init -->
        <test-method status="PASS" signature="testUntitled2()[pri:0, instance:blog.Blog_page@2b155ce8]" name="testUntitled2" duration-ms="831" started-at="2014-08-06T15:05:10Z" finished-at="2014-08-06T15:05:11Z">
          <reporter-output>
          </reporter-output>
        </test-method> <!-- testUntitled2 -->
      </class> <!-- blog.Blog_page -->
      <class name="blog.Search">
        <test-method status="PASS" signature="init()[pri:0, instance:blog.Search@685d62a4]" name="init" is-config="true" duration-ms="4" started-at="2014-08-06T15:05:11Z" finished-at="2014-08-06T15:05:11Z">
          <reporter-output>
          </reporter-output>
        </test-method> <!-- init -->
        <test-method status="PASS" signature="testUntitled3()[pri:0, instance:blog.Search@685d62a4]" name="testUntitled3" duration-ms="2029" started-at="2014-08-06T15:05:11Z" finished-at="2014-08-06T15:05:13Z">
          <reporter-output>
          </reporter-output>
        </test-method> <!-- testUntitled3 -->
      </class> <!-- blog.Search -->
      <class name="contact.JS_error">
        <test-method status="PASS" signature="init()[pri:0, instance:contact.JS_error@76c5faf5]" name="init" is-config="true" duration-ms="12" started-at="2014-08-06T15:03:00Z" finished-at="2014-08-06T15:03:00Z">
          <reporter-output>
          </reporter-output>
        </test-method> <!-- init -->
        <test-method status="PASS" signature="testUntitled4()[pri:0, instance:contact.JS_error@76c5faf5]" name="testUntitled4" duration-ms="697" started-at="2014-08-06T15:03:00Z" finished-at="2014-08-06T15:03:00Z">
          <reporter-output>
          </reporter-output>
        </test-method> <!-- testUntitled4 -->
      </class> <!-- contact.JS_error -->
      <class name="contact.Contact_email_change">
        <test-method status="PASS" signature="init()[pri:0, instance:contact.Contact_email_change@415dd2f9]" name="init" is-config="true" duration-ms="8" started-at="2014-08-06T15:04:07Z" finished-at="2014-08-06T15:04:07Z">
          <reporter-output>
          </reporter-output>
        </test-method> <!-- init -->
        <test-method status="PASS" signature="testUntitled6()[pri:0, instance:contact.Contact_email_change@415dd2f9]" name="testUntitled6" duration-ms="3672" started-at="2014-08-06T15:04:07Z" finished-at="2014-08-06T15:04:11Z">
          <reporter-output>
          </reporter-output>
        </test-method> <!-- testUntitled6 -->
      </class> <!-- contact.Contact_email_change -->
      <class name="blog.Comment">
        <test-method status="PASS" signature="init()[pri:0, instance:blog.Comment@69ed790e]" name="init" is-config="true" duration-ms="3" started-at="2014-08-06T15:04:41Z" finished-at="2014-08-06T15:04:41Z">
          <reporter-output>
          </reporter-output>
        </test-method> <!-- init -->
        <test-method status="PASS" signature="testUntitled4()[pri:0, instance:blog.Comment@69ed790e]" name="testUntitled4" duration-ms="27432" started-at="2014-08-06T15:04:41Z" finished-at="2014-08-06T15:05:08Z">
          <reporter-output>
          </reporter-output>
        </test-method> <!-- testUntitled4 -->
      </class> <!-- blog.Comment -->
      <class name="home.JS_error">
        <test-method status="PASS" signature="init()[pri:0, instance:home.JS_error@15c3cd93]" name="init" is-config="true" duration-ms="2536" started-at="2014-08-06T15:02:47Z" finished-at="2014-08-06T15:02:50Z">
          <reporter-output>
          </reporter-output>
        </test-method> <!-- init -->
        <test-method status="PASS" signature="testUntitled4()[pri:0, instance:home.JS_error@15c3cd93]" name="testUntitled4" duration-ms="4781" started-at="2014-08-06T15:02:50Z" finished-at="2014-08-06T15:02:55Z">
          <reporter-output>
          </reporter-output>
        </test-method> <!-- testUntitled4 -->
      </class> <!-- home.JS_error -->
      <class name="home.Banner">
        <test-method status="PASS" signature="init()[pri:0, instance:home.Banner@541d4bce]" name="init" is-config="true" duration-ms="5" started-at="2014-08-06T15:03:08Z" finished-at="2014-08-06T15:03:08Z">
          <reporter-output>
          </reporter-output>
        </test-method> <!-- init -->
        <test-method status="PASS" signature="testUntitled4()[pri:0, instance:home.Banner@541d4bce]" name="testUntitled4" duration-ms="5661" started-at="2014-08-06T15:03:08Z" finished-at="2014-08-06T15:03:14Z">
          <reporter-output>
          </reporter-output>
        </test-method> <!-- testUntitled4 -->
      </class> <!-- home.Banner -->
      <class name="blog.Captcha_disable">
        <test-method status="PASS" signature="init()[pri:0, instance:blog.Captcha_disable@6ede4084]" name="init" is-config="true" duration-ms="4" started-at="2014-08-06T15:04:27Z" finished-at="2014-08-06T15:04:27Z">
          <reporter-output>
          </reporter-output>
        </test-method> <!-- init -->
        <test-method status="PASS" signature="testUntitled3()[pri:0, instance:blog.Captcha_disable@6ede4084]" name="testUntitled3" duration-ms="14137" started-at="2014-08-06T15:04:27Z" finished-at="2014-08-06T15:04:41Z">
          <reporter-output>
          </reporter-output>
        </test-method> <!-- testUntitled3 -->
      </class> <!-- blog.Captcha_disable -->
      <class name="clients.Details_elements">
        <test-method status="PASS" signature="init()[pri:0, instance:clients.Details_elements@f4efcb0]" name="init" is-config="true" duration-ms="3" started-at="2014-08-06T15:03:21Z" finished-at="2014-08-06T15:03:21Z">
          <reporter-output>
          </reporter-output>
        </test-method> <!-- init -->
        <test-method status="PASS" signature="testUntitled9()[pri:0, instance:clients.Details_elements@f4efcb0]" name="testUntitled9" duration-ms="1279" started-at="2014-08-06T15:03:21Z" finished-at="2014-08-06T15:03:22Z">
          <reporter-output>
          </reporter-output>
        </test-method> <!-- testUntitled9 -->
      </class> <!-- clients.Details_elements -->
      <class name="clients.Website">
        <test-method status="PASS" signature="init()[pri:0, instance:clients.Website@1552dc6d]" name="init" is-config="true" duration-ms="4" started-at="2014-08-06T15:03:28Z" finished-at="2014-08-06T15:03:28Z">
          <reporter-output>
          </reporter-output>
        </test-method> <!-- init -->
        <test-method status="PASS" signature="testUntitled7()[pri:0, instance:clients.Website@1552dc6d]" name="testUntitled7" duration-ms="3570" started-at="2014-08-06T15:03:28Z" finished-at="2014-08-06T15:03:32Z">
          <reporter-output>
          </reporter-output>
        </test-method> <!-- testUntitled7 -->
      </class> <!-- clients.Website -->
      <class name="blog.JS_error_post">
        <test-method status="PASS" signature="init()[pri:0, instance:blog.JS_error_post@1c057a1e]" name="init" is-config="true" duration-ms="7" started-at="2014-08-06T15:03:03Z" finished-at="2014-08-06T15:03:03Z">
          <reporter-output>
          </reporter-output>
        </test-method> <!-- init -->
        <test-method status="PASS" signature="testUntitled4()[pri:0, instance:blog.JS_error_post@1c057a1e]" name="testUntitled4" duration-ms="1256" started-at="2014-08-06T15:03:03Z" finished-at="2014-08-06T15:03:05Z">
          <reporter-output>
          </reporter-output>
        </test-method> <!-- testUntitled4 -->
      </class> <!-- blog.JS_error_post -->
      <class name="blog.Details_page">
        <test-method status="PASS" signature="init()[pri:0, instance:blog.Details_page@4af73283]" name="init" is-config="true" duration-ms="5" started-at="2014-08-06T15:05:08Z" finished-at="2014-08-06T15:05:08Z">
          <reporter-output>
          </reporter-output>
        </test-method> <!-- init -->
        <test-method status="PASS" signature="testUntitled()[pri:0, instance:blog.Details_page@4af73283]" name="testUntitled" duration-ms="2211" started-at="2014-08-06T15:05:08Z" finished-at="2014-08-06T15:05:10Z">
          <reporter-output>
          </reporter-output>
        </test-method> <!-- testUntitled -->
      </class> <!-- blog.Details_page -->
      <class name="blog.Captcha_empty">
        <test-method status="PASS" signature="init()[pri:0, instance:blog.Captcha_empty@4f5bec86]" name="init" is-config="true" duration-ms="5" started-at="2014-08-06T15:04:11Z" finished-at="2014-08-06T15:04:11Z">
          <reporter-output>
          </reporter-output>
        </test-method> <!-- init -->
        <test-method status="PASS" signature="testUntitled()[pri:0, instance:blog.Captcha_empty@4f5bec86]" name="testUntitled" duration-ms="8113" started-at="2014-08-06T15:04:11Z" finished-at="2014-08-06T15:04:19Z">
          <reporter-output>
          </reporter-output>
        </test-method> <!-- testUntitled -->
      </class> <!-- blog.Captcha_empty -->
      <class name="contact.Form_invalid">
        <test-method status="PASS" signature="init()[pri:0, instance:contact.Form_invalid@629609cc]" name="init" is-config="true" duration-ms="4" started-at="2014-08-06T15:03:33Z" finished-at="2014-08-06T15:03:33Z">
          <reporter-output>
          </reporter-output>
        </test-method> <!-- init -->
        <test-method status="PASS" signature="testUntitled3()[pri:0, instance:contact.Form_invalid@629609cc]" name="testUntitled3" duration-ms="1159" started-at="2014-08-06T15:03:33Z" finished-at="2014-08-06T15:03:34Z">
          <reporter-output>
          </reporter-output>
        </test-method> <!-- testUntitled3 -->
      </class> <!-- contact.Form_invalid -->
      <class name="blog.Captcha_invalid">
        <test-method status="PASS" signature="init()[pri:0, instance:blog.Captcha_invalid@6d78e506]" name="init" is-config="true" duration-ms="4" started-at="2014-08-06T15:04:19Z" finished-at="2014-08-06T15:04:19Z">
          <reporter-output>
          </reporter-output>
        </test-method> <!-- init -->
        <test-method status="PASS" signature="testUntitled2()[pri:0, instance:blog.Captcha_invalid@6d78e506]" name="testUntitled2" duration-ms="7476" started-at="2014-08-06T15:04:19Z" finished-at="2014-08-06T15:04:27Z">
          <reporter-output>
          </reporter-output>
        </test-method> <!-- testUntitled2 -->
      </class> <!-- blog.Captcha_invalid -->
      <class name="home.Newsletter_valid">
        <test-method status="PASS" signature="init()[pri:0, instance:home.Newsletter_valid@17965791]" name="init" is-config="true" duration-ms="4" started-at="2014-08-06T15:03:06Z" finished-at="2014-08-06T15:03:06Z">
          <reporter-output>
          </reporter-output>
        </test-method> <!-- init -->
        <test-method status="PASS" signature="testUntitled3()[pri:0, instance:home.Newsletter_valid@17965791]" name="testUntitled3" duration-ms="2119" started-at="2014-08-06T15:03:06Z" finished-at="2014-08-06T15:03:08Z">
          <reporter-output>
          </reporter-output>
        </test-method> <!-- testUntitled3 -->
      </class> <!-- home.Newsletter_valid -->
      <class name="services.JS_error">
        <test-method status="PASS" signature="init()[pri:0, instance:services.JS_error@7869971]" name="init" is-config="true" duration-ms="6" started-at="2014-08-06T15:02:59Z" finished-at="2014-08-06T15:02:59Z">
          <reporter-output>
          </reporter-output>
        </test-method> <!-- init -->
        <test-method status="PASS" signature="testUntitled4()[pri:0, instance:services.JS_error@7869971]" name="testUntitled4" duration-ms="694" started-at="2014-08-06T15:02:59Z" finished-at="2014-08-06T15:03:00Z">
          <reporter-output>
          </reporter-output>
        </test-method> <!-- testUntitled4 -->
      </class> <!-- services.JS_error -->
      <class name="contact.Form_empty">
        <test-method status="PASS" signature="init()[pri:0, instance:contact.Form_empty@2b9455f1]" name="init" is-config="true" duration-ms="5" started-at="2014-08-06T15:03:34Z" finished-at="2014-08-06T15:03:34Z">
          <reporter-output>
          </reporter-output>
        </test-method> <!-- init -->
        <test-method status="PASS" signature="testUntitled4()[pri:0, instance:contact.Form_empty@2b9455f1]" name="testUntitled4" duration-ms="565" started-at="2014-08-06T15:03:34Z" finished-at="2014-08-06T15:03:34Z">
          <reporter-output>
          </reporter-output>
        </test-method> <!-- testUntitled4 -->
      </class> <!-- contact.Form_empty -->
      <class name="clients.Navigation">
        <test-method status="PASS" signature="init()[pri:0, instance:clients.Navigation@391ba64d]" name="init" is-config="true" duration-ms="4" started-at="2014-08-06T15:03:22Z" finished-at="2014-08-06T15:03:23Z">
          <reporter-output>
          </reporter-output>
        </test-method> <!-- init -->
        <test-method status="PASS" signature="testUntitled10()[pri:0, instance:clients.Navigation@391ba64d]" name="testUntitled10" duration-ms="5458" started-at="2014-08-06T15:03:23Z" finished-at="2014-08-06T15:03:28Z">
          <reporter-output>
          </reporter-output>
        </test-method> <!-- testUntitled10 -->
      </class> <!-- clients.Navigation -->
      <class name="about.JS_error">
        <test-method status="PASS" signature="init()[pri:0, instance:about.JS_error@46432685]" name="init" is-config="true" duration-ms="8" started-at="2014-08-06T15:02:55Z" finished-at="2014-08-06T15:02:55Z">
          <reporter-output>
          </reporter-output>
        </test-method> <!-- init -->
        <test-method status="PASS" signature="testUntitled4()[pri:0, instance:about.JS_error@46432685]" name="testUntitled4" duration-ms="1744" started-at="2014-08-06T15:02:55Z" finished-at="2014-08-06T15:02:56Z">
          <reporter-output>
          </reporter-output>
        </test-method> <!-- testUntitled4 -->
      </class> <!-- about.JS_error -->
      <class name="home.Newsletter_invalid">
        <test-method status="PASS" signature="init()[pri:0, instance:home.Newsletter_invalid@aaf8eaa]" name="init" is-config="true" duration-ms="4" started-at="2014-08-06T15:03:06Z" finished-at="2014-08-06T15:03:06Z">
          <reporter-output>
          </reporter-output>
        </test-method> <!-- init -->
        <test-method status="PASS" signature="testUntitled2()[pri:0, instance:home.Newsletter_invalid@aaf8eaa]" name="testUntitled2" duration-ms="789" started-at="2014-08-06T15:03:06Z" finished-at="2014-08-06T15:03:06Z">
          <reporter-output>
          </reporter-output>
        </test-method> <!-- testUntitled2 -->
      </class> <!-- home.Newsletter_invalid -->
      <class name="home.Newsletter_empty">
        <test-method status="PASS" signature="init()[pri:0, instance:home.Newsletter_empty@46116f2]" name="init" is-config="true" duration-ms="20" started-at="2014-08-06T15:03:05Z" finished-at="2014-08-06T15:03:05Z">
          <reporter-output>
          </reporter-output>
        </test-method> <!-- init -->
        <test-method status="PASS" signature="testUntitled()[pri:0, instance:home.Newsletter_empty@46116f2]" name="testUntitled" duration-ms="867" started-at="2014-08-06T15:03:05Z" finished-at="2014-08-06T15:03:06Z">
          <reporter-output>
          </reporter-output>
        </test-method> <!-- testUntitled -->
      </class> <!-- home.Newsletter_empty -->
      <class name="contact.Form_valid">
        <test-method status="PASS" signature="init()[pri:0, instance:contact.Form_valid@5ecc357d]" name="init" is-config="true" duration-ms="3" started-at="2014-08-06T15:03:34Z" finished-at="2014-08-06T15:03:34Z">
          <reporter-output>
          </reporter-output>
        </test-method> <!-- init -->
        <test-method status="PASS" signature="testUntitled6()[pri:0, instance:contact.Form_valid@5ecc357d]" name="testUntitled6" duration-ms="32961" started-at="2014-08-06T15:03:34Z" finished-at="2014-08-06T15:04:07Z">
          <reporter-output>
          </reporter-output>
        </test-method> <!-- testUntitled6 -->
      </class> <!-- contact.Form_valid -->
      <class name="clients.JS_error">
        <test-method status="PASS" signature="init()[pri:0, instance:clients.JS_error@7305830a]" name="init" is-config="true" duration-ms="4" started-at="2014-08-06T15:02:56Z" finished-at="2014-08-06T15:02:56Z">
          <reporter-output>
          </reporter-output>
        </test-method> <!-- init -->
        <test-method status="PASS" signature="testUntitled4()[pri:0, instance:clients.JS_error@7305830a]" name="testUntitled4" duration-ms="2711" started-at="2014-08-06T15:02:56Z" finished-at="2014-08-06T15:02:59Z">
          <reporter-output>
          </reporter-output>
        </test-method> <!-- testUntitled4 -->
      </class> <!-- clients.JS_error -->
    </test> <!-- Test1 -->
  </suite> <!-- Tests -->
</testng-results>
