<?xml version="1.0" encoding="UTF-8"?>
<testng-results skipped="0" failed="1" total="31" passed="30">
  <reporter-output>
  </reporter-output>
  <suite name="Tests" duration-ms="242537" started-at="2014-12-17T14:36:03Z" finished-at="2014-12-17T14:40:06Z">
    <groups>
    </groups>
    <test name="Test1" duration-ms="242537" started-at="2014-12-17T14:36:03Z" finished-at="2014-12-17T14:40:06Z">
      <class name="blog.Comment">
        <test-method status="PASS" signature="init()[pri:0, instance:blog.Comment@6df97b55]" name="init" is-config="true" duration-ms="4" started-at="2014-12-17T18:39:12Z" finished-at="2014-12-17T18:39:12Z">
          <reporter-output>
          </reporter-output>
        </test-method> <!-- init -->
        <test-method status="PASS" signature="testUntitled4()[pri:0, instance:blog.Comment@6df97b55]" name="testUntitled4" duration-ms="31550" started-at="2014-12-17T18:39:12Z" finished-at="2014-12-17T18:39:44Z">
          <reporter-output>
          </reporter-output>
        </test-method> <!-- testUntitled4 -->
      </class> <!-- blog.Comment -->
      <class name="blog.Captcha_empty">
        <test-method status="PASS" signature="init()[pri:0, instance:blog.Captcha_empty@54a097cc]" name="init" is-config="true" duration-ms="0" started-at="2014-12-17T18:38:42Z" finished-at="2014-12-17T18:38:42Z">
          <reporter-output>
          </reporter-output>
        </test-method> <!-- init -->
        <test-method status="PASS" signature="testUntitled()[pri:0, instance:blog.Captcha_empty@54a097cc]" name="testUntitled" duration-ms="8764" started-at="2014-12-17T18:38:42Z" finished-at="2014-12-17T18:38:51Z">
          <reporter-output>
          </reporter-output>
        </test-method> <!-- testUntitled -->
      </class> <!-- blog.Captcha_empty -->
      <class name="home.JS_error">
        <test-method status="PASS" signature="init()[pri:0, instance:home.JS_error@52af6cff]" name="init" is-config="true" duration-ms="2949" started-at="2014-12-17T18:36:03Z" finished-at="2014-12-17T18:36:06Z">
          <reporter-output>
          </reporter-output>
        </test-method> <!-- init -->
        <test-method status="PASS" signature="testUntitled4()[pri:0, instance:home.JS_error@52af6cff]" name="testUntitled4" duration-ms="19043" started-at="2014-12-17T18:36:06Z" finished-at="2014-12-17T18:36:25Z">
          <reporter-output>
          </reporter-output>
        </test-method> <!-- testUntitled4 -->
      </class> <!-- home.JS_error -->
      <class name="home.Newsletter_invalid">
        <test-method status="PASS" signature="init()[pri:0, instance:home.Newsletter_invalid@5a61f5df]" name="init" is-config="true" duration-ms="4" started-at="2014-12-17T18:36:52Z" finished-at="2014-12-17T18:36:52Z">
          <reporter-output>
          </reporter-output>
        </test-method> <!-- init -->
        <test-method status="PASS" signature="testUntitled2()[pri:0, instance:home.Newsletter_invalid@5a61f5df]" name="testUntitled2" duration-ms="760" started-at="2014-12-17T18:36:52Z" finished-at="2014-12-17T18:36:53Z">
          <reporter-output>
          </reporter-output>
        </test-method> <!-- testUntitled2 -->
      </class> <!-- home.Newsletter_invalid -->
      <class name="home.Newsletter_valid">
        <test-method status="PASS" signature="init()[pri:0, instance:home.Newsletter_valid@67b6d4ae]" name="init" is-config="true" duration-ms="4" started-at="2014-12-17T18:36:53Z" finished-at="2014-12-17T18:36:53Z">
          <reporter-output>
          </reporter-output>
        </test-method> <!-- init -->
        <test-method status="PASS" signature="testUntitled3()[pri:0, instance:home.Newsletter_valid@67b6d4ae]" name="testUntitled3" duration-ms="1940" started-at="2014-12-17T18:36:53Z" finished-at="2014-12-17T18:36:55Z">
          <reporter-output>
          </reporter-output>
        </test-method> <!-- testUntitled3 -->
      </class> <!-- home.Newsletter_valid -->
      <class name="blog.Captcha_invalid">
        <test-method status="PASS" signature="init()[pri:0, instance:blog.Captcha_invalid@4157f54e]" name="init" is-config="true" duration-ms="4" started-at="2014-12-17T18:38:51Z" finished-at="2014-12-17T18:38:51Z">
          <reporter-output>
          </reporter-output>
        </test-method> <!-- init -->
        <test-method status="PASS" signature="testUntitled2()[pri:0, instance:blog.Captcha_invalid@4157f54e]" name="testUntitled2" duration-ms="7701" started-at="2014-12-17T18:38:51Z" finished-at="2014-12-17T18:38:59Z">
          <reporter-output>
          </reporter-output>
        </test-method> <!-- testUntitled2 -->
      </class> <!-- blog.Captcha_invalid -->
      <class name="contact.JS_error">
        <test-method status="PASS" signature="init()[pri:0, instance:contact.JS_error@6615435c]" name="init" is-config="true" duration-ms="4" started-at="2014-12-17T18:36:39Z" finished-at="2014-12-17T18:36:39Z">
          <reporter-output>
          </reporter-output>
        </test-method> <!-- init -->
        <test-method status="PASS" signature="testUntitled4()[pri:0, instance:contact.JS_error@6615435c]" name="testUntitled4" duration-ms="464" started-at="2014-12-17T18:36:39Z" finished-at="2014-12-17T18:36:39Z">
          <reporter-output>
          </reporter-output>
        </test-method> <!-- testUntitled4 -->
      </class> <!-- contact.JS_error -->
      <class name="home.Newsletter_empty">
        <test-method status="PASS" signature="init()[pri:0, instance:home.Newsletter_empty@68837a77]" name="init" is-config="true" duration-ms="4" started-at="2014-12-17T18:36:46Z" finished-at="2014-12-17T18:36:46Z">
          <reporter-output>
          </reporter-output>
        </test-method> <!-- init -->
        <test-method status="PASS" signature="testUntitled()[pri:0, instance:home.Newsletter_empty@68837a77]" name="testUntitled" duration-ms="5390" started-at="2014-12-17T18:36:46Z" finished-at="2014-12-17T18:36:52Z">
          <reporter-output>
          </reporter-output>
        </test-method> <!-- testUntitled -->
      </class> <!-- home.Newsletter_empty -->
      <class name="contact.Form_invalid">
        <test-method status="PASS" signature="init()[pri:0, instance:contact.Form_invalid@1936f0f5]" name="init" is-config="true" duration-ms="4" started-at="2014-12-17T18:37:51Z" finished-at="2014-12-17T18:37:51Z">
          <reporter-output>
          </reporter-output>
        </test-method> <!-- init -->
        <test-method status="PASS" signature="testUntitled3()[pri:0, instance:contact.Form_invalid@1936f0f5]" name="testUntitled3" duration-ms="1084" started-at="2014-12-17T18:37:51Z" finished-at="2014-12-17T18:37:52Z">
          <reporter-output>
          </reporter-output>
        </test-method> <!-- testUntitled3 -->
      </class> <!-- contact.Form_invalid -->
      <class name="blog.JS_error_blog">
        <test-method status="PASS" signature="init()[pri:0, instance:blog.JS_error_blog@90f6bfd]" name="init" is-config="true" duration-ms="4" started-at="2014-12-17T18:36:41Z" finished-at="2014-12-17T18:36:41Z">
          <reporter-output>
          </reporter-output>
        </test-method> <!-- init -->
        <test-method status="FAIL" signature="testUntitled4()[pri:0, instance:blog.JS_error_blog@90f6bfd]" name="testUntitled4" duration-ms="3972" started-at="2014-12-17T18:36:41Z" finished-at="2014-12-17T18:36:45Z">
          <exception class="java.lang.AssertionError">
            <message>
              <![CDATA[expected:<[]> but was:<[[2014-12-17T18:36:42+0400] [SEVERE] http://www.google.com/uds/?file=ads&v=3&packages=search&async=2 0:0 Failed to load resource: the server responded with a status of 404 (Not Found)]>]]>
            </message>
            <full-stacktrace>
              <![CDATA[java.lang.AssertionError: expected:<[]> but was:<[[2014-12-17T18:36:42+0400] [SEVERE] http://www.google.com/uds/?file=ads&v=3&packages=search&async=2 0:0 Failed to load resource: the server responded with a status of 404 (Not Found)]>
	at org.junit.Assert.fail(Assert.java:88)
	at org.junit.Assert.failNotEquals(Assert.java:743)
	at org.junit.Assert.assertEquals(Assert.java:118)
	at org.junit.Assert.assertEquals(Assert.java:144)
	at blog.JS_error_blog.testUntitled4(JS_error_blog.java:41)
	at sun.reflect.NativeMethodAccessorImpl.invoke0(Native Method)
	at sun.reflect.NativeMethodAccessorImpl.invoke(NativeMethodAccessorImpl.java:62)
	at sun.reflect.DelegatingMethodAccessorImpl.invoke(DelegatingMethodAccessorImpl.java:43)
	at java.lang.reflect.Method.invoke(Method.java:483)
	at org.testng.internal.MethodInvocationHelper.invokeMethod(MethodInvocationHelper.java:84)
	at org.testng.internal.Invoker.invokeMethod(Invoker.java:714)
	at org.testng.internal.Invoker.invokeTestMethod(Invoker.java:901)
	at org.testng.internal.Invoker.invokeTestMethods(Invoker.java:1231)
	at org.testng.internal.TestMethodWorker.invokeTestMethods(TestMethodWorker.java:127)
	at org.testng.internal.TestMethodWorker.run(TestMethodWorker.java:111)
	at org.testng.TestRunner.privateRun(TestRunner.java:767)
	at org.testng.TestRunner.run(TestRunner.java:617)
	at org.testng.SuiteRunner.runTest(SuiteRunner.java:348)
	at org.testng.SuiteRunner.runSequentially(SuiteRunner.java:343)
	at org.testng.SuiteRunner.privateRun(SuiteRunner.java:305)
	at org.testng.SuiteRunner.run(SuiteRunner.java:254)
	at org.testng.SuiteRunnerWorker.runSuite(SuiteRunnerWorker.java:52)
	at org.testng.SuiteRunnerWorker.run(SuiteRunnerWorker.java:86)
	at org.testng.TestNG.runSuitesSequentially(TestNG.java:1224)
	at org.testng.TestNG.runSuitesLocally(TestNG.java:1149)
	at org.testng.TestNG.run(TestNG.java:1057)
	at org.apache.maven.surefire.testng.TestNGExecutor.run(TestNGExecutor.java:217)
	at org.apache.maven.surefire.testng.TestNGXmlTestSuite.execute(TestNGXmlTestSuite.java:84)
	at org.apache.maven.surefire.testng.TestNGProvider.invoke(TestNGProvider.java:92)
	at org.apache.maven.surefire.booter.ForkedBooter.invokeProviderInSameClassLoader(ForkedBooter.java:200)
	at org.apache.maven.surefire.booter.ForkedBooter.runSuitesInProcess(ForkedBooter.java:153)
	at org.apache.maven.surefire.booter.ForkedBooter.main(ForkedBooter.java:103)
]]>
            </full-stacktrace>
          </exception> <!-- java.lang.AssertionError -->
          <reporter-output>
          </reporter-output>
        </test-method> <!-- testUntitled4 -->
      </class> <!-- blog.JS_error_blog -->
      <class name="blog.Details_page">
        <test-method status="PASS" signature="init()[pri:0, instance:blog.Details_page@36f6e879]" name="init" is-config="true" duration-ms="4" started-at="2014-12-17T18:39:56Z" finished-at="2014-12-17T18:39:56Z">
          <reporter-output>
          </reporter-output>
        </test-method> <!-- init -->
        <test-method status="PASS" signature="testUntitled()[pri:0, instance:blog.Details_page@36f6e879]" name="testUntitled" duration-ms="2068" started-at="2014-12-17T18:39:56Z" finished-at="2014-12-17T18:39:59Z">
          <reporter-output>
          </reporter-output>
        </test-method> <!-- testUntitled -->
      </class> <!-- blog.Details_page -->
      <class name="about.Tabs">
        <test-method status="PASS" signature="init()[pri:0, instance:about.Tabs@327471b5]" name="init" is-config="true" duration-ms="4" started-at="2014-12-17T18:37:00Z" finished-at="2014-12-17T18:37:00Z">
          <reporter-output>
          </reporter-output>
        </test-method> <!-- init -->
        <test-method status="PASS" signature="testUntitled5()[pri:0, instance:about.Tabs@327471b5]" name="testUntitled5" duration-ms="3461" started-at="2014-12-17T18:37:00Z" finished-at="2014-12-17T18:37:04Z">
          <reporter-output>
          </reporter-output>
        </test-method> <!-- testUntitled5 -->
      </class> <!-- about.Tabs -->
      <class name="blog.Search">
        <test-method status="PASS" signature="init()[pri:0, instance:blog.Search@35fb3008]" name="init" is-config="true" duration-ms="4" started-at="2014-12-17T18:40:04Z" finished-at="2014-12-17T18:40:04Z">
          <reporter-output>
          </reporter-output>
        </test-method> <!-- init -->
        <test-method status="PASS" signature="testUntitled3()[pri:0, instance:blog.Search@35fb3008]" name="testUntitled3" duration-ms="1964" started-at="2014-12-17T18:40:04Z" finished-at="2014-12-17T18:40:06Z">
          <reporter-output>
          </reporter-output>
        </test-method> <!-- testUntitled3 -->
      </class> <!-- blog.Search -->
      <class name="clients.JS_error_detail">
        <test-method status="PASS" signature="init()[pri:0, instance:clients.JS_error_detail@3a03464]" name="init" is-config="true" duration-ms="8" started-at="2014-12-17T18:36:39Z" finished-at="2014-12-17T18:36:39Z">
          <reporter-output>
          </reporter-output>
        </test-method> <!-- init -->
        <test-method status="PASS" signature="testUntitled4()[pri:0, instance:clients.JS_error_detail@3a03464]" name="testUntitled4" duration-ms="1476" started-at="2014-12-17T18:36:39Z" finished-at="2014-12-17T18:36:41Z">
          <reporter-output>
          </reporter-output>
        </test-method> <!-- testUntitled4 -->
      </class> <!-- clients.JS_error_detail -->
      <class name="blog.JS_error_post">
        <test-method status="PASS" signature="init()[pri:0, instance:blog.JS_error_post@3567135c]" name="init" is-config="true" duration-ms="4" started-at="2014-12-17T18:36:45Z" finished-at="2014-12-17T18:36:45Z">
          <reporter-output>
          </reporter-output>
        </test-method> <!-- init -->
        <test-method status="PASS" signature="testUntitled4()[pri:0, instance:blog.JS_error_post@3567135c]" name="testUntitled4" duration-ms="1748" started-at="2014-12-17T18:36:45Z" finished-at="2014-12-17T18:36:46Z">
          <reporter-output>
          </reporter-output>
        </test-method> <!-- testUntitled4 -->
      </class> <!-- blog.JS_error_post -->
      <class name="contact.Form_valid">
        <test-method status="PASS" signature="init()[pri:0, instance:contact.Form_valid@783e6358]" name="init" is-config="true" duration-ms="4" started-at="2014-12-17T18:37:53Z" finished-at="2014-12-17T18:37:53Z">
          <reporter-output>
          </reporter-output>
        </test-method> <!-- init -->
        <test-method status="PASS" signature="testUntitled6()[pri:0, instance:contact.Form_valid@783e6358]" name="testUntitled6" duration-ms="33777" started-at="2014-12-17T18:37:53Z" finished-at="2014-12-17T18:38:27Z">
          <reporter-output>
          </reporter-output>
        </test-method> <!-- testUntitled6 -->
        <test-method status="PASS" signature="tearDown()[pri:0, instance:contact.Form_valid@783e6358]" name="tearDown" is-config="true" duration-ms="1535" started-at="2014-12-17T18:40:06Z" finished-at="2014-12-17T18:40:07Z">
          <reporter-output>
          </reporter-output>
        </test-method> <!-- tearDown -->
      </class> <!-- contact.Form_valid -->
      <class name="contact.Form_empty">
        <test-method status="PASS" signature="init()[pri:0, instance:contact.Form_empty@617c74e5]" name="init" is-config="true" duration-ms="4" started-at="2014-12-17T18:37:52Z" finished-at="2014-12-17T18:37:52Z">
          <reporter-output>
          </reporter-output>
        </test-method> <!-- init -->
        <test-method status="PASS" signature="testUntitled4()[pri:0, instance:contact.Form_empty@617c74e5]" name="testUntitled4" duration-ms="756" started-at="2014-12-17T18:37:52Z" finished-at="2014-12-17T18:37:53Z">
          <reporter-output>
          </reporter-output>
        </test-method> <!-- testUntitled4 -->
      </class> <!-- contact.Form_empty -->
      <class name="clients.Website">
        <test-method status="PASS" signature="init()[pri:0, instance:clients.Website@3551a94]" name="init" is-config="true" duration-ms="4" started-at="2014-12-17T18:37:48Z" finished-at="2014-12-17T18:37:48Z">
          <reporter-output>
          </reporter-output>
        </test-method> <!-- init -->
        <test-method status="PASS" signature="testUntitled7()[pri:0, instance:clients.Website@3551a94]" name="testUntitled7" duration-ms="2040" started-at="2014-12-17T18:37:48Z" finished-at="2014-12-17T18:37:50Z">
          <reporter-output>
          </reporter-output>
        </test-method> <!-- testUntitled7 -->
      </class> <!-- clients.Website -->
      <class name="clients.Details_elements">
        <test-method status="PASS" signature="init()[pri:0, instance:clients.Details_elements@4909b8da]" name="init" is-config="true" duration-ms="4" started-at="2014-12-17T18:37:30Z" finished-at="2014-12-17T18:37:30Z">
          <reporter-output>
          </reporter-output>
        </test-method> <!-- init -->
        <test-method status="PASS" signature="testUntitled9()[pri:0, instance:clients.Details_elements@4909b8da]" name="testUntitled9" duration-ms="3036" started-at="2014-12-17T18:37:30Z" finished-at="2014-12-17T18:37:33Z">
          <reporter-output>
          </reporter-output>
        </test-method> <!-- testUntitled9 -->
      </class> <!-- clients.Details_elements -->
      <class name="clients.Details">
        <test-method status="PASS" signature="init()[pri:0, instance:clients.Details@34b7bfc0]" name="init" is-config="true" duration-ms="4" started-at="2014-12-17T18:37:05Z" finished-at="2014-12-17T18:37:05Z">
          <reporter-output>
          </reporter-output>
        </test-method> <!-- init -->
        <test-method status="PASS" signature="testUntitled8()[pri:0, instance:clients.Details@34b7bfc0]" name="testUntitled8" duration-ms="24884" started-at="2014-12-17T18:37:05Z" finished-at="2014-12-17T18:37:30Z">
          <reporter-output>
          </reporter-output>
        </test-method> <!-- testUntitled8 -->
      </class> <!-- clients.Details -->
      <class name="about.Contact_us">
        <test-method status="PASS" signature="init()[pri:0, instance:about.Contact_us@15975490]" name="init" is-config="true" duration-ms="8" started-at="2014-12-17T18:37:04Z" finished-at="2014-12-17T18:37:04Z">
          <reporter-output>
          </reporter-output>
        </test-method> <!-- init -->
        <test-method status="PASS" signature="testUntitled6()[pri:0, instance:about.Contact_us@15975490]" name="testUntitled6" duration-ms="1048" started-at="2014-12-17T18:37:04Z" finished-at="2014-12-17T18:37:05Z">
          <reporter-output>
          </reporter-output>
        </test-method> <!-- testUntitled6 -->
      </class> <!-- about.Contact_us -->
      <class name="blog.Captche_enable">
        <test-method status="PASS" signature="init()[pri:0, instance:blog.Captche_enable@531be3c5]" name="init" is-config="true" duration-ms="4" started-at="2014-12-17T18:39:44Z" finished-at="2014-12-17T18:39:44Z">
          <reporter-output>
          </reporter-output>
        </test-method> <!-- init -->
        <test-method status="PASS" signature="testUntitled3()[pri:0, instance:blog.Captche_enable@531be3c5]" name="testUntitled3" duration-ms="12915" started-at="2014-12-17T18:39:44Z" finished-at="2014-12-17T18:39:56Z">
          <reporter-output>
          </reporter-output>
        </test-method> <!-- testUntitled3 -->
      </class> <!-- blog.Captche_enable -->
      <class name="blog.Blog_page">
        <test-method status="PASS" signature="init()[pri:0, instance:blog.Blog_page@6b143ee9]" name="init" is-config="true" duration-ms="4" started-at="2014-12-17T18:39:59Z" finished-at="2014-12-17T18:39:59Z">
          <reporter-output>
          </reporter-output>
        </test-method> <!-- init -->
        <test-method status="PASS" signature="testUntitled2()[pri:0, instance:blog.Blog_page@6b143ee9]" name="testUntitled2" duration-ms="5300" started-at="2014-12-17T18:39:59Z" finished-at="2014-12-17T18:40:04Z">
          <reporter-output>
          </reporter-output>
        </test-method> <!-- testUntitled2 -->
      </class> <!-- blog.Blog_page -->
      <class name="services.Page">
        <test-method status="PASS" signature="init()[pri:0, instance:services.Page@3cbbc1e0]" name="init" is-config="true" duration-ms="8" started-at="2014-12-17T18:37:50Z" finished-at="2014-12-17T18:37:50Z">
          <reporter-output>
          </reporter-output>
        </test-method> <!-- init -->
        <test-method status="PASS" signature="testUntitled2()[pri:0, instance:services.Page@3cbbc1e0]" name="testUntitled2" duration-ms="945" started-at="2014-12-17T18:37:50Z" finished-at="2014-12-17T18:37:51Z">
          <reporter-output>
          </reporter-output>
        </test-method> <!-- testUntitled2 -->
      </class> <!-- services.Page -->
      <class name="home.Banner">
        <test-method status="PASS" signature="init()[pri:0, instance:home.Banner@2d554825]" name="init" is-config="true" duration-ms="8" started-at="2014-12-17T18:36:55Z" finished-at="2014-12-17T18:36:55Z">
          <reporter-output>
          </reporter-output>
        </test-method> <!-- init -->
        <test-method status="PASS" signature="testUntitled4()[pri:0, instance:home.Banner@2d554825]" name="testUntitled4" duration-ms="5540" started-at="2014-12-17T18:36:55Z" finished-at="2014-12-17T18:37:00Z">
          <reporter-output>
          </reporter-output>
        </test-method> <!-- testUntitled4 -->
      </class> <!-- home.Banner -->
      <class name="blog.Captcha_disable">
        <test-method status="PASS" signature="testUntitled3()[pri:0, instance:blog.Captcha_disable@6537cf78]" name="testUntitled3" duration-ms="13397" started-at="2014-12-17T18:38:59Z" finished-at="2014-12-17T18:39:12Z">
          <reporter-output>
          </reporter-output>
        </test-method> <!-- testUntitled3 -->
        <test-method status="PASS" signature="init()[pri:0, instance:blog.Captcha_disable@6537cf78]" name="init" is-config="true" duration-ms="0" started-at="2014-12-17T18:38:59Z" finished-at="2014-12-17T18:38:59Z">
          <reporter-output>
          </reporter-output>
        </test-method> <!-- init -->
      </class> <!-- blog.Captcha_disable -->
      <class name="clients.JS_error">
        <test-method status="PASS" signature="init()[pri:0, instance:clients.JS_error@6be46e8f]" name="init" is-config="true" duration-ms="4" started-at="2014-12-17T18:36:28Z" finished-at="2014-12-17T18:36:28Z">
          <reporter-output>
          </reporter-output>
        </test-method> <!-- init -->
        <test-method status="PASS" signature="testUntitled4()[pri:0, instance:clients.JS_error@6be46e8f]" name="testUntitled4" duration-ms="9893" started-at="2014-12-17T18:36:28Z" finished-at="2014-12-17T18:36:38Z">
          <reporter-output>
          </reporter-output>
        </test-method> <!-- testUntitled4 -->
      </class> <!-- clients.JS_error -->
      <class name="clients.Navigation">
        <test-method status="PASS" signature="init()[pri:0, instance:clients.Navigation@2d3fcdbd]" name="init" is-config="true" duration-ms="4" started-at="2014-12-17T18:37:33Z" finished-at="2014-12-17T18:37:33Z">
          <reporter-output>
          </reporter-output>
        </test-method> <!-- init -->
        <test-method status="PASS" signature="testUntitled10()[pri:0, instance:clients.Navigation@2d3fcdbd]" name="testUntitled10" duration-ms="15758" started-at="2014-12-17T18:37:33Z" finished-at="2014-12-17T18:37:48Z">
          <reporter-output>
          </reporter-output>
        </test-method> <!-- testUntitled10 -->
      </class> <!-- clients.Navigation -->
      <class name="contact.Contact_email_change">
        <test-method status="PASS" signature="init()[pri:0, instance:contact.Contact_email_change@366e2eef]" name="init" is-config="true" duration-ms="8" started-at="2014-12-17T18:38:27Z" finished-at="2014-12-17T18:38:27Z">
          <reporter-output>
          </reporter-output>
        </test-method> <!-- init -->
        <test-method status="PASS" signature="testUntitled6()[pri:0, instance:contact.Contact_email_change@366e2eef]" name="testUntitled6" duration-ms="15155" started-at="2014-12-17T18:38:27Z" finished-at="2014-12-17T18:38:42Z">
          <reporter-output>
          </reporter-output>
        </test-method> <!-- testUntitled6 -->
      </class> <!-- contact.Contact_email_change -->
      <class name="about.JS_error">
        <test-method status="PASS" signature="init()[pri:0, instance:about.JS_error@7225790e]" name="init" is-config="true" duration-ms="4" started-at="2014-12-17T18:36:25Z" finished-at="2014-12-17T18:36:25Z">
          <reporter-output>
          </reporter-output>
        </test-method> <!-- init -->
        <test-method status="PASS" signature="testUntitled4()[pri:0, instance:about.JS_error@7225790e]" name="testUntitled4" duration-ms="3068" started-at="2014-12-17T18:36:25Z" finished-at="2014-12-17T18:36:28Z">
          <reporter-output>
          </reporter-output>
        </test-method> <!-- testUntitled4 -->
      </class> <!-- about.JS_error -->
      <class name="services.JS_error">
        <test-method status="PASS" signature="init()[pri:0, instance:services.JS_error@47f6473]" name="init" is-config="true" duration-ms="8" started-at="2014-12-17T18:36:38Z" finished-at="2014-12-17T18:36:38Z">
          <reporter-output>
          </reporter-output>
        </test-method> <!-- init -->
        <test-method status="PASS" signature="testUntitled4()[pri:0, instance:services.JS_error@47f6473]" name="testUntitled4" duration-ms="524" started-at="2014-12-17T18:36:38Z" finished-at="2014-12-17T18:36:39Z">
          <reporter-output>
          </reporter-output>
        </test-method> <!-- testUntitled4 -->
      </class> <!-- services.JS_error -->
    </test> <!-- Test1 -->
  </suite> <!-- Tests -->
</testng-results>
